[2020-05-29 13:59:17,429] [Thread-5] [INFO] [org.spr.sch.con.ExecutorConfigurationSupport::shutdown] - Shutting down ExecutorService 'applicationTaskExecutor'
[2020-05-29 13:59:17,434] [Thread-5] [INFO] [org.spr.orm.jpa.AbstractEntityManagerFactoryBean::destroy] - Closing JPA EntityManagerFactory for persistence unit 'default'
[2020-05-29 13:59:17,437] [Thread-5] [INFO] [com.zax.hik.HikariDataSource::close] - HikariPool-1 - Shutdown initiated...
[2020-05-29 13:59:17,444] [Thread-5] [INFO] [com.zax.hik.HikariDataSource::close] - HikariPool-1 - Shutdown completed.
[2020-05-29 13:59:17,615] [restartedMain] [INFO] [org.spr.boo.StartupInfoLogger::logStarting] - Starting SpringSocialApplication on mmuzio with PID 33307 (/Users/bitch/Documents/GitHub/spring-boot-react-oauth2-social-login-demo/gitdate-backend-oauth/target/classes started by bitch in /Users/bitch/Documents/GitHub/spring-boot-react-oauth2-social-login-demo/gitdate-backend-oauth)
[2020-05-29 13:59:17,616] [restartedMain] [DEBUG] [org.spr.boo.StartupInfoLogger::logStarting] - Running with Spring Boot v2.2.1.RELEASE, Spring v5.2.1.RELEASE
[2020-05-29 13:59:17,616] [restartedMain] [INFO] [org.spr.boo.SpringApplication::logStartupProfileInfo] - No active profile set, falling back to default profiles: default
[2020-05-29 13:59:18,159] [restartedMain] [INFO] [org.spr.dat.rep.con.RepositoryConfigurationDelegate::registerRepositoriesIn] - Bootstrapping Spring Data repositories in DEFAULT mode.
[2020-05-29 13:59:18,187] [restartedMain] [INFO] [org.spr.dat.rep.con.RepositoryConfigurationDelegate::registerRepositoriesIn] - Finished Spring Data repository scanning in 26ms. Found 3 repository interfaces.
[2020-05-29 13:59:18,290] [restartedMain] [INFO] [org.spr.con.sup.PostProcessorRegistrationDelegate$BeanPostProcessorChecker::postProcessAfterInitialization] - Bean 'org.springframework.transaction.annotation.ProxyTransactionManagementConfiguration' of type [org.springframework.transaction.annotation.ProxyTransactionManagementConfiguration] is not eligible for getting processed by all BeanPostProcessors (for example: not eligible for auto-proxying)
[2020-05-29 13:59:18,303] [restartedMain] [INFO] [org.spr.con.sup.PostProcessorRegistrationDelegate$BeanPostProcessorChecker::postProcessAfterInitialization] - Bean 'org.springframework.security.config.annotation.configuration.ObjectPostProcessorConfiguration' of type [org.springframework.security.config.annotation.configuration.ObjectPostProcessorConfiguration] is not eligible for getting processed by all BeanPostProcessors (for example: not eligible for auto-proxying)
[2020-05-29 13:59:18,305] [restartedMain] [INFO] [org.spr.con.sup.PostProcessorRegistrationDelegate$BeanPostProcessorChecker::postProcessAfterInitialization] - Bean 'objectPostProcessor' of type [org.springframework.security.config.annotation.configuration.AutowireBeanFactoryObjectPostProcessor] is not eligible for getting processed by all BeanPostProcessors (for example: not eligible for auto-proxying)
[2020-05-29 13:59:18,305] [restartedMain] [INFO] [org.spr.con.sup.PostProcessorRegistrationDelegate$BeanPostProcessorChecker::postProcessAfterInitialization] - Bean 'org.springframework.security.access.expression.method.DefaultMethodSecurityExpressionHandler@34737dbc' of type [org.springframework.security.access.expression.method.DefaultMethodSecurityExpressionHandler] is not eligible for getting processed by all BeanPostProcessors (for example: not eligible for auto-proxying)
[2020-05-29 13:59:18,306] [restartedMain] [INFO] [org.spr.con.sup.PostProcessorRegistrationDelegate$BeanPostProcessorChecker::postProcessAfterInitialization] - Bean 'org.springframework.security.config.annotation.method.configuration.GlobalMethodSecurityConfiguration' of type [org.springframework.security.config.annotation.method.configuration.GlobalMethodSecurityConfiguration] is not eligible for getting processed by all BeanPostProcessors (for example: not eligible for auto-proxying)
[2020-05-29 13:59:18,309] [restartedMain] [INFO] [org.spr.con.sup.PostProcessorRegistrationDelegate$BeanPostProcessorChecker::postProcessAfterInitialization] - Bean 'org.springframework.security.config.annotation.method.configuration.Jsr250MetadataSourceConfiguration' of type [org.springframework.security.config.annotation.method.configuration.Jsr250MetadataSourceConfiguration] is not eligible for getting processed by all BeanPostProcessors (for example: not eligible for auto-proxying)
[2020-05-29 13:59:18,309] [restartedMain] [INFO] [org.spr.con.sup.PostProcessorRegistrationDelegate$BeanPostProcessorChecker::postProcessAfterInitialization] - Bean 'jsr250MethodSecurityMetadataSource' of type [org.springframework.security.access.annotation.Jsr250MethodSecurityMetadataSource] is not eligible for getting processed by all BeanPostProcessors (for example: not eligible for auto-proxying)
[2020-05-29 13:59:18,310] [restartedMain] [INFO] [org.spr.con.sup.PostProcessorRegistrationDelegate$BeanPostProcessorChecker::postProcessAfterInitialization] - Bean 'methodSecurityMetadataSource' of type [org.springframework.security.access.method.DelegatingMethodSecurityMetadataSource] is not eligible for getting processed by all BeanPostProcessors (for example: not eligible for auto-proxying)
[2020-05-29 13:59:18,418] [restartedMain] [WARN] [org.apa.jul.log.DirectJDKLog::log] - The MBean registry cannot be disabled because it has already been initialised
[2020-05-29 13:59:18,445] [restartedMain] [INFO] [org.spr.boo.web.emb.tom.TomcatWebServer::initialize] - Tomcat initialized with port(s): 8080 (http)
[2020-05-29 13:59:18,446] [restartedMain] [INFO] [org.apa.jul.log.DirectJDKLog::log] - Initializing ProtocolHandler ["http-nio-8080"]
[2020-05-29 13:59:18,446] [restartedMain] [INFO] [org.apa.jul.log.DirectJDKLog::log] - Starting service [Tomcat]
[2020-05-29 13:59:18,446] [restartedMain] [INFO] [org.apa.jul.log.DirectJDKLog::log] - Starting Servlet engine: [Apache Tomcat/9.0.27]
[2020-05-29 13:59:18,464] [restartedMain] [INFO] [org.apa.jul.log.DirectJDKLog::log] - Initializing Spring embedded WebApplicationContext
[2020-05-29 13:59:18,464] [restartedMain] [INFO] [org.spr.boo.web.ser.con.ServletWebServerApplicationContext::prepareWebApplicationContext] - Root WebApplicationContext: initialization completed in 843 ms
[2020-05-29 13:59:18,741] [restartedMain] [WARN] [org.spr.boo.aut.orm.jpa.JpaBaseConfiguration$JpaWebConfiguration::openEntityManagerInViewInterceptor] - spring.jpa.open-in-view is enabled by default. Therefore, database queries may be performed during view rendering. Explicitly configure spring.jpa.open-in-view to disable this warning
[2020-05-29 13:59:18,769] [restartedMain] [INFO] [com.zax.hik.HikariDataSource::getConnection] - HikariPool-2 - Starting...
[2020-05-29 13:59:18,783] [restartedMain] [INFO] [com.zax.hik.HikariDataSource::getConnection] - HikariPool-2 - Start completed.
[2020-05-29 13:59:18,793] [restartedMain] [INFO] [org.hib.jpa.int.uti.LogHelper::logPersistenceUnitInformation] - HHH000204: Processing PersistenceUnitInfo [name: default]
[2020-05-29 13:59:18,806] [restartedMain] [INFO] [org.hib.dia.Dialect::<init>] - HHH000400: Using dialect: org.hibernate.dialect.PostgreSQLDialect
[2020-05-29 13:59:19,063] [restartedMain] [INFO] [org.hib.eng.tra.jta.pla.int.JtaPlatformInitiator::initiateService] - HHH000490: Using JtaPlatform implementation: [org.hibernate.engine.transaction.jta.platform.internal.NoJtaPlatform]
[2020-05-29 13:59:19,064] [restartedMain] [INFO] [org.spr.orm.jpa.AbstractEntityManagerFactoryBean::buildNativeEntityManagerFactory] - Initialized JPA EntityManagerFactory for persistence unit 'default'
[2020-05-29 13:59:19,315] [restartedMain] [DEBUG] [org.spr.web.fil.GenericFilterBean::init] - Filter 'tokenAuthenticationFilter' configured for use
[2020-05-29 13:59:19,667] [restartedMain] [INFO] [org.spr.boo.act.end.web.EndpointLinksResolver::<init>] - Exposing 7 endpoint(s) beneath base path '/actuator'
[2020-05-29 13:59:19,822] [restartedMain] [INFO] [spr.doc.spr.web.PropertySourcedRequestMappingHandlerMapping::initHandlerMethods] - Mapped URL path [/v2/api-docs] onto method [springfox.documentation.swagger2.web.Swagger2Controller#getDocumentation(String, HttpServletRequest)]
[2020-05-29 13:59:19,992] [restartedMain] [INFO] [org.spr.sec.web.DefaultSecurityFilterChain::<init>] - Creating filter chain: any request, [org.springframework.security.web.context.request.async.WebAsyncManagerIntegrationFilter@7698b75b, org.springframework.security.web.context.SecurityContextPersistenceFilter@4b6f9eee, org.springframework.security.web.header.HeaderWriterFilter@7c8e2c09, org.springframework.web.filter.CorsFilter@1cb81d05, org.springframework.security.web.authentication.logout.LogoutFilter@5c303a4a, org.springframework.security.oauth2.client.web.OAuth2AuthorizationRequestRedirectFilter@4da80d69, org.springframework.security.oauth2.client.web.OAuth2LoginAuthenticationFilter@65a34a5f, com.example.springsocial.security.TokenAuthenticationFilter@3034babc, org.springframework.security.web.savedrequest.RequestCacheAwareFilter@16bb5a0a, org.springframework.security.web.servletapi.SecurityContextHolderAwareRequestFilter@1b58d2b0, org.springframework.security.web.authentication.AnonymousAuthenticationFilter@11f688be, org.springframework.security.web.session.SessionManagementFilter@184d0f55, org.springframework.security.web.access.ExceptionTranslationFilter@4eb3c5d, org.springframework.security.web.access.intercept.FilterSecurityInterceptor@17d76e3]
[2020-05-29 13:59:20,062] [restartedMain] [INFO] [org.spr.sch.con.ExecutorConfigurationSupport::initialize] - Initializing ExecutorService 'applicationTaskExecutor'
[2020-05-29 13:59:20,102] [restartedMain] [INFO] [org.spr.boo.dev.aut.OptionalLiveReloadServer::startServer] - LiveReload server is running on port 35729
[2020-05-29 13:59:20,318] [restartedMain] [INFO] [spr.doc.spr.web.plu.DocumentationPluginsBootstrapper::start] - Context refreshed
[2020-05-29 13:59:20,319] [restartedMain] [INFO] [spr.doc.spr.web.plu.DocumentationPluginsBootstrapper::start] - Found 1 custom documentation plugin(s)
[2020-05-29 13:59:20,337] [restartedMain] [INFO] [spr.doc.spr.web.sca.ApiListingReferenceScanner::scan] - Scanning for api listing references
[2020-05-29 13:59:20,400] [restartedMain] [INFO] [spr.doc.spr.web.rea.ope.CachingOperationNameGenerator::startingWith] - Generating unique operation named: handleUsingGET_1
[2020-05-29 13:59:20,401] [restartedMain] [INFO] [spr.doc.spr.web.rea.ope.CachingOperationNameGenerator::startingWith] - Generating unique operation named: handleUsingGET_2
[2020-05-29 13:59:20,402] [restartedMain] [INFO] [spr.doc.spr.web.rea.ope.CachingOperationNameGenerator::startingWith] - Generating unique operation named: handleUsingGET_3
[2020-05-29 13:59:20,403] [restartedMain] [INFO] [spr.doc.spr.web.rea.ope.CachingOperationNameGenerator::startingWith] - Generating unique operation named: handleUsingGET_4
[2020-05-29 13:59:20,404] [restartedMain] [INFO] [spr.doc.spr.web.rea.ope.CachingOperationNameGenerator::startingWith] - Generating unique operation named: handleUsingGET_5
[2020-05-29 13:59:20,405] [restartedMain] [INFO] [spr.doc.spr.web.rea.ope.CachingOperationNameGenerator::startingWith] - Generating unique operation named: handleUsingGET_6
[2020-05-29 13:59:20,406] [restartedMain] [INFO] [spr.doc.spr.web.rea.ope.CachingOperationNameGenerator::startingWith] - Generating unique operation named: handleUsingGET_7
[2020-05-29 13:59:20,407] [restartedMain] [INFO] [spr.doc.spr.web.rea.ope.CachingOperationNameGenerator::startingWith] - Generating unique operation named: handleUsingGET_8
[2020-05-29 13:59:20,408] [restartedMain] [INFO] [spr.doc.spr.web.rea.ope.CachingOperationNameGenerator::startingWith] - Generating unique operation named: handleUsingGET_9
[2020-05-29 13:59:20,409] [restartedMain] [INFO] [spr.doc.spr.web.rea.ope.CachingOperationNameGenerator::startingWith] - Generating unique operation named: handleUsingGET_10
[2020-05-29 13:59:20,427] [restartedMain] [INFO] [org.apa.jul.log.DirectJDKLog::log] - Starting ProtocolHandler ["http-nio-8080"]
[2020-05-29 13:59:20,429] [restartedMain] [INFO] [org.spr.boo.web.emb.tom.TomcatWebServer::start] - Tomcat started on port(s): 8080 (http) with context path ''
[2020-05-29 13:59:20,430] [restartedMain] [INFO] [org.spr.boo.StartupInfoLogger::logStarted] - Started SpringSocialApplication in 2.871 seconds (JVM running for 126.416)
[2020-05-29 13:59:20,434] [restartedMain] [INFO] [org.spr.boo.dev.aut.ConditionEvaluationDeltaLoggingListener::onApplicationEvent] - Condition evaluation unchanged
[2020-05-29 13:59:40,731] [http-nio-8080-exec-1] [INFO] [org.apa.jul.log.DirectJDKLog::log] - Initializing Spring DispatcherServlet 'dispatcherServlet'
[2020-05-29 13:59:40,731] [http-nio-8080-exec-1] [INFO] [org.spr.web.ser.FrameworkServlet::initServletBean] - Initializing Servlet 'dispatcherServlet'
[2020-05-29 13:59:40,741] [http-nio-8080-exec-1] [INFO] [org.spr.web.ser.FrameworkServlet::initServletBean] - Completed initialization in 9 ms
