[2020-06-22 12:36:34,453] [restartedMain] [INFO] [org.spr.boo.StartupInfoLogger::logStarting] - Starting SpringSocialApplication on mmuzio with PID 82660 (/Users/bitch/Documents/GitHub/spring-boot-react-oauth2-social-login-demo/gitdate-backend-oauth/target/classes started by bitch in /Users/bitch/Documents/GitHub/spring-boot-react-oauth2-social-login-demo/gitdate-backend-oauth)
[2020-06-22 12:36:34,486] [restartedMain] [DEBUG] [org.spr.boo.StartupInfoLogger::logStarting] - Running with Spring Boot v2.2.1.RELEASE, Spring v5.2.1.RELEASE
[2020-06-22 12:36:34,487] [restartedMain] [INFO] [org.spr.boo.SpringApplication::logStartupProfileInfo] - No active profile set, falling back to default profiles: default
[2020-06-22 12:36:34,558] [restartedMain] [INFO] [org.spr.boo.log.DeferredLog::logTo] - The Class-Path manifest attribute in /Users/bitch/.m2/repository/org/glassfish/jaxb/jaxb-runtime/2.3.2/jaxb-runtime-2.3.2.jar referenced one or more files that do not exist: file:/Users/bitch/.m2/repository/org/glassfish/jaxb/jaxb-runtime/2.3.2/jakarta.xml.bind-api-2.3.2.jar,file:/Users/bitch/.m2/repository/org/glassfish/jaxb/jaxb-runtime/2.3.2/txw2-2.3.2.jar,file:/Users/bitch/.m2/repository/org/glassfish/jaxb/jaxb-runtime/2.3.2/istack-commons-runtime-3.0.8.jar,file:/Users/bitch/.m2/repository/org/glassfish/jaxb/jaxb-runtime/2.3.2/stax-ex-1.8.1.jar,file:/Users/bitch/.m2/repository/org/glassfish/jaxb/jaxb-runtime/2.3.2/FastInfoset-1.2.16.jar,file:/Users/bitch/.m2/repository/org/glassfish/jaxb/jaxb-runtime/2.3.2/jakarta.activation-api-1.2.1.jar
[2020-06-22 12:36:34,561] [restartedMain] [INFO] [org.spr.boo.log.DeferredLog::logTo] - Devtools property defaults active! Set 'spring.devtools.add-properties' to 'false' to disable
[2020-06-22 12:36:34,562] [restartedMain] [INFO] [org.spr.boo.log.DeferredLog::logTo] - For additional web related logging consider setting the 'logging.level.web' property to 'DEBUG'
[2020-06-22 12:36:36,278] [restartedMain] [INFO] [org.spr.dat.rep.con.RepositoryConfigurationDelegate::registerRepositoriesIn] - Bootstrapping Spring Data repositories in DEFAULT mode.
[2020-06-22 12:36:36,646] [restartedMain] [INFO] [org.spr.dat.rep.con.RepositoryConfigurationDelegate::registerRepositoriesIn] - Finished Spring Data repository scanning in 359ms. Found 3 repository interfaces.
[2020-06-22 12:36:37,258] [restartedMain] [INFO] [org.spr.con.sup.PostProcessorRegistrationDelegate$BeanPostProcessorChecker::postProcessAfterInitialization] - Bean 'org.springframework.transaction.annotation.ProxyTransactionManagementConfiguration' of type [org.springframework.transaction.annotation.ProxyTransactionManagementConfiguration] is not eligible for getting processed by all BeanPostProcessors (for example: not eligible for auto-proxying)
[2020-06-22 12:36:37,399] [restartedMain] [INFO] [org.spr.con.sup.PostProcessorRegistrationDelegate$BeanPostProcessorChecker::postProcessAfterInitialization] - Bean 'org.springframework.security.config.annotation.configuration.ObjectPostProcessorConfiguration' of type [org.springframework.security.config.annotation.configuration.ObjectPostProcessorConfiguration] is not eligible for getting processed by all BeanPostProcessors (for example: not eligible for auto-proxying)
[2020-06-22 12:36:37,403] [restartedMain] [INFO] [org.spr.con.sup.PostProcessorRegistrationDelegate$BeanPostProcessorChecker::postProcessAfterInitialization] - Bean 'objectPostProcessor' of type [org.springframework.security.config.annotation.configuration.AutowireBeanFactoryObjectPostProcessor] is not eligible for getting processed by all BeanPostProcessors (for example: not eligible for auto-proxying)
[2020-06-22 12:36:37,406] [restartedMain] [INFO] [org.spr.con.sup.PostProcessorRegistrationDelegate$BeanPostProcessorChecker::postProcessAfterInitialization] - Bean 'org.springframework.security.access.expression.method.DefaultMethodSecurityExpressionHandler@b2ad465' of type [org.springframework.security.access.expression.method.DefaultMethodSecurityExpressionHandler] is not eligible for getting processed by all BeanPostProcessors (for example: not eligible for auto-proxying)
[2020-06-22 12:36:37,409] [restartedMain] [INFO] [org.spr.con.sup.PostProcessorRegistrationDelegate$BeanPostProcessorChecker::postProcessAfterInitialization] - Bean 'org.springframework.security.config.annotation.method.configuration.GlobalMethodSecurityConfiguration' of type [org.springframework.security.config.annotation.method.configuration.GlobalMethodSecurityConfiguration] is not eligible for getting processed by all BeanPostProcessors (for example: not eligible for auto-proxying)
[2020-06-22 12:36:37,421] [restartedMain] [INFO] [org.spr.con.sup.PostProcessorRegistrationDelegate$BeanPostProcessorChecker::postProcessAfterInitialization] - Bean 'org.springframework.security.config.annotation.method.configuration.Jsr250MetadataSourceConfiguration' of type [org.springframework.security.config.annotation.method.configuration.Jsr250MetadataSourceConfiguration] is not eligible for getting processed by all BeanPostProcessors (for example: not eligible for auto-proxying)
[2020-06-22 12:36:37,424] [restartedMain] [INFO] [org.spr.con.sup.PostProcessorRegistrationDelegate$BeanPostProcessorChecker::postProcessAfterInitialization] - Bean 'jsr250MethodSecurityMetadataSource' of type [org.springframework.security.access.annotation.Jsr250MethodSecurityMetadataSource] is not eligible for getting processed by all BeanPostProcessors (for example: not eligible for auto-proxying)
[2020-06-22 12:36:37,428] [restartedMain] [INFO] [org.spr.con.sup.PostProcessorRegistrationDelegate$BeanPostProcessorChecker::postProcessAfterInitialization] - Bean 'methodSecurityMetadataSource' of type [org.springframework.security.access.method.DelegatingMethodSecurityMetadataSource] is not eligible for getting processed by all BeanPostProcessors (for example: not eligible for auto-proxying)
[2020-06-22 12:36:37,865] [restartedMain] [INFO] [org.spr.boo.web.emb.tom.TomcatWebServer::initialize] - Tomcat initialized with port(s): 8080 (http)
[2020-06-22 12:36:37,876] [restartedMain] [INFO] [org.apa.jul.log.DirectJDKLog::log] - Initializing ProtocolHandler ["http-nio-8080"]
[2020-06-22 12:36:37,877] [restartedMain] [INFO] [org.apa.jul.log.DirectJDKLog::log] - Starting service [Tomcat]
[2020-06-22 12:36:37,878] [restartedMain] [INFO] [org.apa.jul.log.DirectJDKLog::log] - Starting Servlet engine: [Apache Tomcat/9.0.27]
[2020-06-22 12:36:38,022] [restartedMain] [INFO] [org.apa.jul.log.DirectJDKLog::log] - Initializing Spring embedded WebApplicationContext
[2020-06-22 12:36:38,022] [restartedMain] [INFO] [org.spr.boo.web.ser.con.ServletWebServerApplicationContext::prepareWebApplicationContext] - Root WebApplicationContext: initialization completed in 3460 ms
[2020-06-22 12:36:38,600] [restartedMain] [WARN] [org.spr.boo.aut.orm.jpa.JpaBaseConfiguration$JpaWebConfiguration::openEntityManagerInViewInterceptor] - spring.jpa.open-in-view is enabled by default. Therefore, database queries may be performed during view rendering. Explicitly configure spring.jpa.open-in-view to disable this warning
[2020-06-22 12:36:38,661] [restartedMain] [INFO] [com.zax.hik.HikariDataSource::getConnection] - HikariPool-1 - Starting...
[2020-06-22 12:36:38,778] [restartedMain] [INFO] [com.zax.hik.HikariDataSource::getConnection] - HikariPool-1 - Start completed.
[2020-06-22 12:36:38,853] [restartedMain] [INFO] [org.hib.jpa.int.uti.LogHelper::logPersistenceUnitInformation] - HHH000204: Processing PersistenceUnitInfo [name: default]
[2020-06-22 12:36:38,956] [restartedMain] [INFO] [org.hib.Version::logVersion] - HHH000412: Hibernate Core {5.4.8.Final}
[2020-06-22 12:36:39,197] [restartedMain] [INFO] [org.hib.ann.com.ref.jav.JavaReflectionManager::<clinit>] - HCANN000001: Hibernate Commons Annotations {5.1.0.Final}
[2020-06-22 12:36:39,378] [restartedMain] [INFO] [org.hib.dia.Dialect::<init>] - HHH000400: Using dialect: org.hibernate.dialect.PostgreSQLDialect
[2020-06-22 12:36:40,431] [restartedMain] [INFO] [org.hib.eng.tra.jta.pla.int.JtaPlatformInitiator::initiateService] - HHH000490: Using JtaPlatform implementation: [org.hibernate.engine.transaction.jta.platform.internal.NoJtaPlatform]
[2020-06-22 12:36:40,438] [restartedMain] [INFO] [org.spr.orm.jpa.AbstractEntityManagerFactoryBean::buildNativeEntityManagerFactory] - Initialized JPA EntityManagerFactory for persistence unit 'default'
[2020-06-22 12:36:41,050] [restartedMain] [DEBUG] [org.spr.web.fil.GenericFilterBean::init] - Filter 'tokenAuthenticationFilter' configured for use
[2020-06-22 12:36:41,697] [restartedMain] [INFO] [org.spr.boo.act.end.web.EndpointLinksResolver::<init>] - Exposing 7 endpoint(s) beneath base path '/actuator'
[2020-06-22 12:36:42,032] [restartedMain] [INFO] [spr.doc.spr.web.PropertySourcedRequestMappingHandlerMapping::initHandlerMethods] - Mapped URL path [/v2/api-docs] onto method [springfox.documentation.swagger2.web.Swagger2Controller#getDocumentation(String, HttpServletRequest)]
[2020-06-22 12:36:42,197] [restartedMain] [INFO] [org.spr.sec.web.DefaultSecurityFilterChain::<init>] - Creating filter chain: any request, [org.springframework.security.web.context.request.async.WebAsyncManagerIntegrationFilter@6f15024b, org.springframework.security.web.context.SecurityContextPersistenceFilter@3a5790e8, org.springframework.security.web.header.HeaderWriterFilter@70e22514, org.springframework.web.filter.CorsFilter@11a5bf64, org.springframework.security.web.authentication.logout.LogoutFilter@693ce22, org.springframework.security.oauth2.client.web.OAuth2AuthorizationRequestRedirectFilter@43f68699, org.springframework.security.oauth2.client.web.OAuth2LoginAuthenticationFilter@2a931c06, com.example.springsocial.security.TokenAuthenticationFilter@857c40d, org.springframework.security.web.savedrequest.RequestCacheAwareFilter@bab9e65, org.springframework.security.web.servletapi.SecurityContextHolderAwareRequestFilter@7673fe2, org.springframework.security.web.authentication.AnonymousAuthenticationFilter@4994e676, org.springframework.security.web.session.SessionManagementFilter@76b04e02, org.springframework.security.web.access.ExceptionTranslationFilter@40a88f5c, org.springframework.security.web.access.intercept.FilterSecurityInterceptor@6a447dcd]
[2020-06-22 12:36:42,343] [restartedMain] [INFO] [org.spr.sch.con.ExecutorConfigurationSupport::initialize] - Initializing ExecutorService 'applicationTaskExecutor'
[2020-06-22 12:36:42,413] [restartedMain] [INFO] [org.spr.boo.dev.aut.OptionalLiveReloadServer::startServer] - LiveReload server is running on port 35729
[2020-06-22 12:36:42,928] [restartedMain] [INFO] [spr.doc.spr.web.plu.DocumentationPluginsBootstrapper::start] - Context refreshed
[2020-06-22 12:36:42,947] [restartedMain] [INFO] [spr.doc.spr.web.plu.DocumentationPluginsBootstrapper::start] - Found 1 custom documentation plugin(s)
[2020-06-22 12:36:42,995] [restartedMain] [INFO] [spr.doc.spr.web.sca.ApiListingReferenceScanner::scan] - Scanning for api listing references
[2020-06-22 12:36:43,264] [restartedMain] [INFO] [spr.doc.spr.web.rea.ope.CachingOperationNameGenerator::startingWith] - Generating unique operation named: handleUsingGET_1
[2020-06-22 12:36:43,266] [restartedMain] [INFO] [spr.doc.spr.web.rea.ope.CachingOperationNameGenerator::startingWith] - Generating unique operation named: handleUsingGET_2
[2020-06-22 12:36:43,268] [restartedMain] [INFO] [spr.doc.spr.web.rea.ope.CachingOperationNameGenerator::startingWith] - Generating unique operation named: handleUsingGET_3
[2020-06-22 12:36:43,270] [restartedMain] [INFO] [spr.doc.spr.web.rea.ope.CachingOperationNameGenerator::startingWith] - Generating unique operation named: handleUsingGET_4
[2020-06-22 12:36:43,271] [restartedMain] [INFO] [spr.doc.spr.web.rea.ope.CachingOperationNameGenerator::startingWith] - Generating unique operation named: handleUsingGET_5
[2020-06-22 12:36:43,273] [restartedMain] [INFO] [spr.doc.spr.web.rea.ope.CachingOperationNameGenerator::startingWith] - Generating unique operation named: handleUsingGET_6
[2020-06-22 12:36:43,276] [restartedMain] [INFO] [spr.doc.spr.web.rea.ope.CachingOperationNameGenerator::startingWith] - Generating unique operation named: handleUsingGET_7
[2020-06-22 12:36:43,278] [restartedMain] [INFO] [spr.doc.spr.web.rea.ope.CachingOperationNameGenerator::startingWith] - Generating unique operation named: handleUsingGET_8
[2020-06-22 12:36:43,280] [restartedMain] [INFO] [spr.doc.spr.web.rea.ope.CachingOperationNameGenerator::startingWith] - Generating unique operation named: handleUsingGET_9
[2020-06-22 12:36:43,282] [restartedMain] [INFO] [spr.doc.spr.web.rea.ope.CachingOperationNameGenerator::startingWith] - Generating unique operation named: handleUsingGET_10
[2020-06-22 12:36:43,316] [restartedMain] [INFO] [org.apa.jul.log.DirectJDKLog::log] - Starting ProtocolHandler ["http-nio-8080"]
[2020-06-22 12:36:43,341] [restartedMain] [INFO] [org.apa.jul.log.DirectJDKLog::log] - Pausing ProtocolHandler ["http-nio-8080"]
[2020-06-22 12:36:43,341] [restartedMain] [INFO] [org.apa.jul.log.DirectJDKLog::log] - Stopping service [Tomcat]
[2020-06-22 12:36:43,346] [restartedMain] [WARN] [org.apa.jul.log.DirectJDKLog::log] - The web application [ROOT] appears to have started a thread named [HikariPool-1 housekeeper] but has failed to stop it. This is very likely to create a memory leak. Stack trace of thread:
 java.base@11.0.6/jdk.internal.misc.Unsafe.park(Native Method)
 java.base@11.0.6/java.util.concurrent.locks.LockSupport.parkNanos(LockSupport.java:234)
 java.base@11.0.6/java.util.concurrent.locks.AbstractQueuedSynchronizer$ConditionObject.awaitNanos(AbstractQueuedSynchronizer.java:2123)
 java.base@11.0.6/java.util.concurrent.ScheduledThreadPoolExecutor$DelayedWorkQueue.take(ScheduledThreadPoolExecutor.java:1182)
 java.base@11.0.6/java.util.concurrent.ScheduledThreadPoolExecutor$DelayedWorkQueue.take(ScheduledThreadPoolExecutor.java:899)
 java.base@11.0.6/java.util.concurrent.ThreadPoolExecutor.getTask(ThreadPoolExecutor.java:1054)
 java.base@11.0.6/java.util.concurrent.ThreadPoolExecutor.runWorker(ThreadPoolExecutor.java:1114)
 java.base@11.0.6/java.util.concurrent.ThreadPoolExecutor$Worker.run(ThreadPoolExecutor.java:628)
 java.base@11.0.6/java.lang.Thread.run(Thread.java:834)
[2020-06-22 12:36:43,348] [restartedMain] [WARN] [org.apa.jul.log.DirectJDKLog::log] - The web application [ROOT] appears to have started a thread named [HikariPool-1 connection adder] but has failed to stop it. This is very likely to create a memory leak. Stack trace of thread:
 java.base@11.0.6/jdk.internal.misc.Unsafe.park(Native Method)
 java.base@11.0.6/java.util.concurrent.locks.LockSupport.parkNanos(LockSupport.java:234)
 java.base@11.0.6/java.util.concurrent.locks.AbstractQueuedSynchronizer$ConditionObject.awaitNanos(AbstractQueuedSynchronizer.java:2123)
 java.base@11.0.6/java.util.concurrent.LinkedBlockingQueue.poll(LinkedBlockingQueue.java:458)
 java.base@11.0.6/java.util.concurrent.ThreadPoolExecutor.getTask(ThreadPoolExecutor.java:1053)
 java.base@11.0.6/java.util.concurrent.ThreadPoolExecutor.runWorker(ThreadPoolExecutor.java:1114)
 java.base@11.0.6/java.util.concurrent.ThreadPoolExecutor$Worker.run(ThreadPoolExecutor.java:628)
 java.base@11.0.6/java.lang.Thread.run(Thread.java:834)
[2020-06-22 12:36:43,349] [restartedMain] [INFO] [org.apa.jul.log.DirectJDKLog::log] - Stopping ProtocolHandler ["http-nio-8080"]
[2020-06-22 12:36:43,350] [restartedMain] [INFO] [org.apa.jul.log.DirectJDKLog::log] - Destroying ProtocolHandler ["http-nio-8080"]
[2020-06-22 12:36:43,354] [restartedMain] [INFO] [org.spr.boo.aut.log.ConditionEvaluationReportLoggingListener::logMessage] - 

Error starting ApplicationContext. To display the conditions report re-run your application with 'debug' enabled.
[2020-06-22 12:36:43,378] [restartedMain] [INFO] [org.spr.sch.con.ExecutorConfigurationSupport::shutdown] - Shutting down ExecutorService 'applicationTaskExecutor'
[2020-06-22 12:36:43,381] [restartedMain] [INFO] [org.spr.orm.jpa.AbstractEntityManagerFactoryBean::destroy] - Closing JPA EntityManagerFactory for persistence unit 'default'
[2020-06-22 12:36:43,385] [restartedMain] [INFO] [com.zax.hik.HikariDataSource::close] - HikariPool-1 - Shutdown initiated...
[2020-06-22 12:36:43,391] [restartedMain] [INFO] [com.zax.hik.HikariDataSource::close] - HikariPool-1 - Shutdown completed.
