[2020-06-22 12:36:34,400] [restartedMain] [INFO] [org.spr.boo.StartupInfoLogger::logStarting] - Starting SpringSocialApplication on mmuzio with PID 82659 (/Users/bitch/Documents/GitHub/spring-boot-react-oauth2-social-login-demo/gitdate-backend-oauth/target/classes started by bitch in /Users/bitch/Documents/GitHub/spring-boot-react-oauth2-social-login-demo/gitdate-backend-oauth)
[2020-06-22 12:36:34,433] [restartedMain] [DEBUG] [org.spr.boo.StartupInfoLogger::logStarting] - Running with Spring Boot v2.2.1.RELEASE, Spring v5.2.1.RELEASE
[2020-06-22 12:36:34,436] [restartedMain] [INFO] [org.spr.boo.SpringApplication::logStartupProfileInfo] - No active profile set, falling back to default profiles: default
[2020-06-22 12:36:34,513] [restartedMain] [INFO] [org.spr.boo.log.DeferredLog::logTo] - The Class-Path manifest attribute in /Users/bitch/.m2/repository/org/glassfish/jaxb/jaxb-runtime/2.3.2/jaxb-runtime-2.3.2.jar referenced one or more files that do not exist: file:/Users/bitch/.m2/repository/org/glassfish/jaxb/jaxb-runtime/2.3.2/jakarta.xml.bind-api-2.3.2.jar,file:/Users/bitch/.m2/repository/org/glassfish/jaxb/jaxb-runtime/2.3.2/txw2-2.3.2.jar,file:/Users/bitch/.m2/repository/org/glassfish/jaxb/jaxb-runtime/2.3.2/istack-commons-runtime-3.0.8.jar,file:/Users/bitch/.m2/repository/org/glassfish/jaxb/jaxb-runtime/2.3.2/stax-ex-1.8.1.jar,file:/Users/bitch/.m2/repository/org/glassfish/jaxb/jaxb-runtime/2.3.2/FastInfoset-1.2.16.jar,file:/Users/bitch/.m2/repository/org/glassfish/jaxb/jaxb-runtime/2.3.2/jakarta.activation-api-1.2.1.jar
[2020-06-22 12:36:34,515] [restartedMain] [INFO] [org.spr.boo.log.DeferredLog::logTo] - Devtools property defaults active! Set 'spring.devtools.add-properties' to 'false' to disable
[2020-06-22 12:36:34,515] [restartedMain] [INFO] [org.spr.boo.log.DeferredLog::logTo] - For additional web related logging consider setting the 'logging.level.web' property to 'DEBUG'
[2020-06-22 12:36:36,243] [restartedMain] [INFO] [org.spr.dat.rep.con.RepositoryConfigurationDelegate::registerRepositoriesIn] - Bootstrapping Spring Data repositories in DEFAULT mode.
[2020-06-22 12:36:36,364] [restartedMain] [INFO] [org.spr.dat.rep.con.RepositoryConfigurationDelegate::registerRepositoriesIn] - Finished Spring Data repository scanning in 107ms. Found 3 repository interfaces.
[2020-06-22 12:36:36,897] [restartedMain] [INFO] [org.spr.con.sup.PostProcessorRegistrationDelegate$BeanPostProcessorChecker::postProcessAfterInitialization] - Bean 'org.springframework.transaction.annotation.ProxyTransactionManagementConfiguration' of type [org.springframework.transaction.annotation.ProxyTransactionManagementConfiguration] is not eligible for getting processed by all BeanPostProcessors (for example: not eligible for auto-proxying)
[2020-06-22 12:36:36,998] [restartedMain] [INFO] [org.spr.con.sup.PostProcessorRegistrationDelegate$BeanPostProcessorChecker::postProcessAfterInitialization] - Bean 'org.springframework.security.config.annotation.configuration.ObjectPostProcessorConfiguration' of type [org.springframework.security.config.annotation.configuration.ObjectPostProcessorConfiguration] is not eligible for getting processed by all BeanPostProcessors (for example: not eligible for auto-proxying)
[2020-06-22 12:36:37,002] [restartedMain] [INFO] [org.spr.con.sup.PostProcessorRegistrationDelegate$BeanPostProcessorChecker::postProcessAfterInitialization] - Bean 'objectPostProcessor' of type [org.springframework.security.config.annotation.configuration.AutowireBeanFactoryObjectPostProcessor] is not eligible for getting processed by all BeanPostProcessors (for example: not eligible for auto-proxying)
[2020-06-22 12:36:37,004] [restartedMain] [INFO] [org.spr.con.sup.PostProcessorRegistrationDelegate$BeanPostProcessorChecker::postProcessAfterInitialization] - Bean 'org.springframework.security.access.expression.method.DefaultMethodSecurityExpressionHandler@6ba7b672' of type [org.springframework.security.access.expression.method.DefaultMethodSecurityExpressionHandler] is not eligible for getting processed by all BeanPostProcessors (for example: not eligible for auto-proxying)
[2020-06-22 12:36:37,008] [restartedMain] [INFO] [org.spr.con.sup.PostProcessorRegistrationDelegate$BeanPostProcessorChecker::postProcessAfterInitialization] - Bean 'org.springframework.security.config.annotation.method.configuration.GlobalMethodSecurityConfiguration' of type [org.springframework.security.config.annotation.method.configuration.GlobalMethodSecurityConfiguration] is not eligible for getting processed by all BeanPostProcessors (for example: not eligible for auto-proxying)
[2020-06-22 12:36:37,015] [restartedMain] [INFO] [org.spr.con.sup.PostProcessorRegistrationDelegate$BeanPostProcessorChecker::postProcessAfterInitialization] - Bean 'org.springframework.security.config.annotation.method.configuration.Jsr250MetadataSourceConfiguration' of type [org.springframework.security.config.annotation.method.configuration.Jsr250MetadataSourceConfiguration] is not eligible for getting processed by all BeanPostProcessors (for example: not eligible for auto-proxying)
[2020-06-22 12:36:37,016] [restartedMain] [INFO] [org.spr.con.sup.PostProcessorRegistrationDelegate$BeanPostProcessorChecker::postProcessAfterInitialization] - Bean 'jsr250MethodSecurityMetadataSource' of type [org.springframework.security.access.annotation.Jsr250MethodSecurityMetadataSource] is not eligible for getting processed by all BeanPostProcessors (for example: not eligible for auto-proxying)
[2020-06-22 12:36:37,017] [restartedMain] [INFO] [org.spr.con.sup.PostProcessorRegistrationDelegate$BeanPostProcessorChecker::postProcessAfterInitialization] - Bean 'methodSecurityMetadataSource' of type [org.springframework.security.access.method.DelegatingMethodSecurityMetadataSource] is not eligible for getting processed by all BeanPostProcessors (for example: not eligible for auto-proxying)
[2020-06-22 12:36:37,446] [restartedMain] [INFO] [org.spr.boo.web.emb.tom.TomcatWebServer::initialize] - Tomcat initialized with port(s): 8080 (http)
[2020-06-22 12:36:37,463] [restartedMain] [INFO] [org.apa.jul.log.DirectJDKLog::log] - Initializing ProtocolHandler ["http-nio-8080"]
[2020-06-22 12:36:37,467] [restartedMain] [INFO] [org.apa.jul.log.DirectJDKLog::log] - Starting service [Tomcat]
[2020-06-22 12:36:37,470] [restartedMain] [INFO] [org.apa.jul.log.DirectJDKLog::log] - Starting Servlet engine: [Apache Tomcat/9.0.27]
[2020-06-22 12:36:37,624] [restartedMain] [INFO] [org.apa.jul.log.DirectJDKLog::log] - Initializing Spring embedded WebApplicationContext
[2020-06-22 12:36:37,625] [restartedMain] [INFO] [org.spr.boo.web.ser.con.ServletWebServerApplicationContext::prepareWebApplicationContext] - Root WebApplicationContext: initialization completed in 3109 ms
[2020-06-22 12:36:38,225] [restartedMain] [WARN] [org.spr.boo.aut.orm.jpa.JpaBaseConfiguration$JpaWebConfiguration::openEntityManagerInViewInterceptor] - spring.jpa.open-in-view is enabled by default. Therefore, database queries may be performed during view rendering. Explicitly configure spring.jpa.open-in-view to disable this warning
[2020-06-22 12:36:38,288] [restartedMain] [INFO] [com.zax.hik.HikariDataSource::getConnection] - HikariPool-1 - Starting...
[2020-06-22 12:36:38,556] [restartedMain] [INFO] [com.zax.hik.HikariDataSource::getConnection] - HikariPool-1 - Start completed.
[2020-06-22 12:36:38,607] [restartedMain] [INFO] [org.hib.jpa.int.uti.LogHelper::logPersistenceUnitInformation] - HHH000204: Processing PersistenceUnitInfo [name: default]
[2020-06-22 12:36:38,719] [restartedMain] [INFO] [org.hib.Version::logVersion] - HHH000412: Hibernate Core {5.4.8.Final}
[2020-06-22 12:36:38,937] [restartedMain] [INFO] [org.hib.ann.com.ref.jav.JavaReflectionManager::<clinit>] - HCANN000001: Hibernate Commons Annotations {5.1.0.Final}
[2020-06-22 12:36:39,116] [restartedMain] [INFO] [org.hib.dia.Dialect::<init>] - HHH000400: Using dialect: org.hibernate.dialect.PostgreSQLDialect
[2020-06-22 12:36:40,431] [restartedMain] [INFO] [org.hib.eng.tra.jta.pla.int.JtaPlatformInitiator::initiateService] - HHH000490: Using JtaPlatform implementation: [org.hibernate.engine.transaction.jta.platform.internal.NoJtaPlatform]
[2020-06-22 12:36:40,438] [restartedMain] [INFO] [org.spr.orm.jpa.AbstractEntityManagerFactoryBean::buildNativeEntityManagerFactory] - Initialized JPA EntityManagerFactory for persistence unit 'default'
[2020-06-22 12:36:41,036] [restartedMain] [DEBUG] [org.spr.web.fil.GenericFilterBean::init] - Filter 'tokenAuthenticationFilter' configured for use
[2020-06-22 12:36:41,648] [restartedMain] [INFO] [org.spr.boo.act.end.web.EndpointLinksResolver::<init>] - Exposing 7 endpoint(s) beneath base path '/actuator'
[2020-06-22 12:36:41,988] [restartedMain] [INFO] [spr.doc.spr.web.PropertySourcedRequestMappingHandlerMapping::initHandlerMethods] - Mapped URL path [/v2/api-docs] onto method [springfox.documentation.swagger2.web.Swagger2Controller#getDocumentation(String, HttpServletRequest)]
[2020-06-22 12:36:42,228] [restartedMain] [INFO] [org.spr.sec.web.DefaultSecurityFilterChain::<init>] - Creating filter chain: any request, [org.springframework.security.web.context.request.async.WebAsyncManagerIntegrationFilter@b590426, org.springframework.security.web.context.SecurityContextPersistenceFilter@69333d84, org.springframework.security.web.header.HeaderWriterFilter@bd64951, org.springframework.web.filter.CorsFilter@313014a4, org.springframework.security.web.authentication.logout.LogoutFilter@159ad5d2, org.springframework.security.oauth2.client.web.OAuth2AuthorizationRequestRedirectFilter@46e688c7, org.springframework.security.oauth2.client.web.OAuth2LoginAuthenticationFilter@373c58f0, com.example.springsocial.security.TokenAuthenticationFilter@1a43c1e7, org.springframework.security.web.savedrequest.RequestCacheAwareFilter@6508b9f3, org.springframework.security.web.servletapi.SecurityContextHolderAwareRequestFilter@10853fe3, org.springframework.security.web.authentication.AnonymousAuthenticationFilter@40b7a6e8, org.springframework.security.web.session.SessionManagementFilter@54077dce, org.springframework.security.web.access.ExceptionTranslationFilter@4c6652dc, org.springframework.security.web.access.intercept.FilterSecurityInterceptor@6b303e4d]
[2020-06-22 12:36:42,376] [restartedMain] [INFO] [org.spr.sch.con.ExecutorConfigurationSupport::initialize] - Initializing ExecutorService 'applicationTaskExecutor'
[2020-06-22 12:36:42,457] [restartedMain] [WARN] [org.spr.boo.dev.aut.OptionalLiveReloadServer::startServer] - Unable to start LiveReload server
[2020-06-22 12:36:42,913] [restartedMain] [INFO] [spr.doc.spr.web.plu.DocumentationPluginsBootstrapper::start] - Context refreshed
[2020-06-22 12:36:42,926] [restartedMain] [INFO] [spr.doc.spr.web.plu.DocumentationPluginsBootstrapper::start] - Found 1 custom documentation plugin(s)
[2020-06-22 12:36:42,960] [restartedMain] [INFO] [spr.doc.spr.web.sca.ApiListingReferenceScanner::scan] - Scanning for api listing references
[2020-06-22 12:36:43,209] [restartedMain] [INFO] [spr.doc.spr.web.rea.ope.CachingOperationNameGenerator::startingWith] - Generating unique operation named: handleUsingGET_1
[2020-06-22 12:36:43,210] [restartedMain] [INFO] [spr.doc.spr.web.rea.ope.CachingOperationNameGenerator::startingWith] - Generating unique operation named: handleUsingGET_2
[2020-06-22 12:36:43,211] [restartedMain] [INFO] [spr.doc.spr.web.rea.ope.CachingOperationNameGenerator::startingWith] - Generating unique operation named: handleUsingGET_3
[2020-06-22 12:36:43,213] [restartedMain] [INFO] [spr.doc.spr.web.rea.ope.CachingOperationNameGenerator::startingWith] - Generating unique operation named: handleUsingGET_4
[2020-06-22 12:36:43,214] [restartedMain] [INFO] [spr.doc.spr.web.rea.ope.CachingOperationNameGenerator::startingWith] - Generating unique operation named: handleUsingGET_5
[2020-06-22 12:36:43,217] [restartedMain] [INFO] [spr.doc.spr.web.rea.ope.CachingOperationNameGenerator::startingWith] - Generating unique operation named: handleUsingGET_6
[2020-06-22 12:36:43,219] [restartedMain] [INFO] [spr.doc.spr.web.rea.ope.CachingOperationNameGenerator::startingWith] - Generating unique operation named: handleUsingGET_7
[2020-06-22 12:36:43,221] [restartedMain] [INFO] [spr.doc.spr.web.rea.ope.CachingOperationNameGenerator::startingWith] - Generating unique operation named: handleUsingGET_8
[2020-06-22 12:36:43,222] [restartedMain] [INFO] [spr.doc.spr.web.rea.ope.CachingOperationNameGenerator::startingWith] - Generating unique operation named: handleUsingGET_9
[2020-06-22 12:36:43,223] [restartedMain] [INFO] [spr.doc.spr.web.rea.ope.CachingOperationNameGenerator::startingWith] - Generating unique operation named: handleUsingGET_10
[2020-06-22 12:36:43,257] [restartedMain] [INFO] [org.apa.jul.log.DirectJDKLog::log] - Starting ProtocolHandler ["http-nio-8080"]
[2020-06-22 12:36:43,296] [restartedMain] [INFO] [org.spr.boo.web.emb.tom.TomcatWebServer::start] - Tomcat started on port(s): 8080 (http) with context path ''
[2020-06-22 12:36:43,299] [restartedMain] [INFO] [org.spr.boo.StartupInfoLogger::logStarted] - Started SpringSocialApplication in 9.491 seconds (JVM running for 11.314)
