[2020-05-29 13:57:15,539] [restartedMain] [INFO] [org.spr.boo.StartupInfoLogger::logStarting] - Starting SpringSocialApplication on mmuzio with PID 33307 (/Users/bitch/Documents/GitHub/spring-boot-react-oauth2-social-login-demo/gitdate-backend-oauth/target/classes started by bitch in /Users/bitch/Documents/GitHub/spring-boot-react-oauth2-social-login-demo/gitdate-backend-oauth)
[2020-05-29 13:57:15,546] [restartedMain] [DEBUG] [org.spr.boo.StartupInfoLogger::logStarting] - Running with Spring Boot v2.2.1.RELEASE, Spring v5.2.1.RELEASE
[2020-05-29 13:57:15,547] [restartedMain] [INFO] [org.spr.boo.SpringApplication::logStartupProfileInfo] - No active profile set, falling back to default profiles: default
[2020-05-29 13:57:15,588] [restartedMain] [INFO] [org.spr.boo.log.DeferredLog::logTo] - The Class-Path manifest attribute in /Users/bitch/.m2/repository/org/glassfish/jaxb/jaxb-runtime/2.3.2/jaxb-runtime-2.3.2.jar referenced one or more files that do not exist: file:/Users/bitch/.m2/repository/org/glassfish/jaxb/jaxb-runtime/2.3.2/jakarta.xml.bind-api-2.3.2.jar,file:/Users/bitch/.m2/repository/org/glassfish/jaxb/jaxb-runtime/2.3.2/txw2-2.3.2.jar,file:/Users/bitch/.m2/repository/org/glassfish/jaxb/jaxb-runtime/2.3.2/istack-commons-runtime-3.0.8.jar,file:/Users/bitch/.m2/repository/org/glassfish/jaxb/jaxb-runtime/2.3.2/stax-ex-1.8.1.jar,file:/Users/bitch/.m2/repository/org/glassfish/jaxb/jaxb-runtime/2.3.2/FastInfoset-1.2.16.jar,file:/Users/bitch/.m2/repository/org/glassfish/jaxb/jaxb-runtime/2.3.2/jakarta.activation-api-1.2.1.jar
[2020-05-29 13:57:15,589] [restartedMain] [INFO] [org.spr.boo.log.DeferredLog::logTo] - Devtools property defaults active! Set 'spring.devtools.add-properties' to 'false' to disable
[2020-05-29 13:57:15,589] [restartedMain] [INFO] [org.spr.boo.log.DeferredLog::logTo] - For additional web related logging consider setting the 'logging.level.web' property to 'DEBUG'
[2020-05-29 13:57:16,813] [restartedMain] [INFO] [org.spr.dat.rep.con.RepositoryConfigurationDelegate::registerRepositoriesIn] - Bootstrapping Spring Data repositories in DEFAULT mode.
[2020-05-29 13:57:16,891] [restartedMain] [INFO] [org.spr.dat.rep.con.RepositoryConfigurationDelegate::registerRepositoriesIn] - Finished Spring Data repository scanning in 71ms. Found 3 repository interfaces.
[2020-05-29 13:57:17,254] [restartedMain] [INFO] [org.spr.con.sup.PostProcessorRegistrationDelegate$BeanPostProcessorChecker::postProcessAfterInitialization] - Bean 'org.springframework.transaction.annotation.ProxyTransactionManagementConfiguration' of type [org.springframework.transaction.annotation.ProxyTransactionManagementConfiguration] is not eligible for getting processed by all BeanPostProcessors (for example: not eligible for auto-proxying)
[2020-05-29 13:57:17,336] [restartedMain] [INFO] [org.spr.con.sup.PostProcessorRegistrationDelegate$BeanPostProcessorChecker::postProcessAfterInitialization] - Bean 'org.springframework.security.config.annotation.configuration.ObjectPostProcessorConfiguration' of type [org.springframework.security.config.annotation.configuration.ObjectPostProcessorConfiguration] is not eligible for getting processed by all BeanPostProcessors (for example: not eligible for auto-proxying)
[2020-05-29 13:57:17,340] [restartedMain] [INFO] [org.spr.con.sup.PostProcessorRegistrationDelegate$BeanPostProcessorChecker::postProcessAfterInitialization] - Bean 'objectPostProcessor' of type [org.springframework.security.config.annotation.configuration.AutowireBeanFactoryObjectPostProcessor] is not eligible for getting processed by all BeanPostProcessors (for example: not eligible for auto-proxying)
[2020-05-29 13:57:17,342] [restartedMain] [INFO] [org.spr.con.sup.PostProcessorRegistrationDelegate$BeanPostProcessorChecker::postProcessAfterInitialization] - Bean 'org.springframework.security.access.expression.method.DefaultMethodSecurityExpressionHandler@40a895ee' of type [org.springframework.security.access.expression.method.DefaultMethodSecurityExpressionHandler] is not eligible for getting processed by all BeanPostProcessors (for example: not eligible for auto-proxying)
[2020-05-29 13:57:17,343] [restartedMain] [INFO] [org.spr.con.sup.PostProcessorRegistrationDelegate$BeanPostProcessorChecker::postProcessAfterInitialization] - Bean 'org.springframework.security.config.annotation.method.configuration.GlobalMethodSecurityConfiguration' of type [org.springframework.security.config.annotation.method.configuration.GlobalMethodSecurityConfiguration] is not eligible for getting processed by all BeanPostProcessors (for example: not eligible for auto-proxying)
[2020-05-29 13:57:17,349] [restartedMain] [INFO] [org.spr.con.sup.PostProcessorRegistrationDelegate$BeanPostProcessorChecker::postProcessAfterInitialization] - Bean 'org.springframework.security.config.annotation.method.configuration.Jsr250MetadataSourceConfiguration' of type [org.springframework.security.config.annotation.method.configuration.Jsr250MetadataSourceConfiguration] is not eligible for getting processed by all BeanPostProcessors (for example: not eligible for auto-proxying)
[2020-05-29 13:57:17,351] [restartedMain] [INFO] [org.spr.con.sup.PostProcessorRegistrationDelegate$BeanPostProcessorChecker::postProcessAfterInitialization] - Bean 'jsr250MethodSecurityMetadataSource' of type [org.springframework.security.access.annotation.Jsr250MethodSecurityMetadataSource] is not eligible for getting processed by all BeanPostProcessors (for example: not eligible for auto-proxying)
[2020-05-29 13:57:17,352] [restartedMain] [INFO] [org.spr.con.sup.PostProcessorRegistrationDelegate$BeanPostProcessorChecker::postProcessAfterInitialization] - Bean 'methodSecurityMetadataSource' of type [org.springframework.security.access.method.DelegatingMethodSecurityMetadataSource] is not eligible for getting processed by all BeanPostProcessors (for example: not eligible for auto-proxying)
[2020-05-29 13:57:17,676] [restartedMain] [INFO] [org.spr.boo.web.emb.tom.TomcatWebServer::initialize] - Tomcat initialized with port(s): 8080 (http)
[2020-05-29 13:57:17,684] [restartedMain] [INFO] [org.apa.jul.log.DirectJDKLog::log] - Initializing ProtocolHandler ["http-nio-8080"]
[2020-05-29 13:57:17,685] [restartedMain] [INFO] [org.apa.jul.log.DirectJDKLog::log] - Starting service [Tomcat]
[2020-05-29 13:57:17,685] [restartedMain] [INFO] [org.apa.jul.log.DirectJDKLog::log] - Starting Servlet engine: [Apache Tomcat/9.0.27]
[2020-05-29 13:57:17,777] [restartedMain] [INFO] [org.apa.jul.log.DirectJDKLog::log] - Initializing Spring embedded WebApplicationContext
[2020-05-29 13:57:17,777] [restartedMain] [INFO] [org.spr.boo.web.ser.con.ServletWebServerApplicationContext::prepareWebApplicationContext] - Root WebApplicationContext: initialization completed in 2188 ms
[2020-05-29 13:57:18,320] [restartedMain] [WARN] [org.spr.boo.aut.orm.jpa.JpaBaseConfiguration$JpaWebConfiguration::openEntityManagerInViewInterceptor] - spring.jpa.open-in-view is enabled by default. Therefore, database queries may be performed during view rendering. Explicitly configure spring.jpa.open-in-view to disable this warning
[2020-05-29 13:57:18,370] [restartedMain] [INFO] [com.zax.hik.HikariDataSource::getConnection] - HikariPool-1 - Starting...
[2020-05-29 13:57:18,448] [restartedMain] [INFO] [com.zax.hik.HikariDataSource::getConnection] - HikariPool-1 - Start completed.
[2020-05-29 13:57:18,498] [restartedMain] [INFO] [org.hib.jpa.int.uti.LogHelper::logPersistenceUnitInformation] - HHH000204: Processing PersistenceUnitInfo [name: default]
[2020-05-29 13:57:18,553] [restartedMain] [INFO] [org.hib.Version::logVersion] - HHH000412: Hibernate Core {5.4.8.Final}
[2020-05-29 13:57:18,648] [restartedMain] [INFO] [org.hib.ann.com.ref.jav.JavaReflectionManager::<clinit>] - HCANN000001: Hibernate Commons Annotations {5.1.0.Final}
[2020-05-29 13:57:18,737] [restartedMain] [INFO] [org.hib.dia.Dialect::<init>] - HHH000400: Using dialect: org.hibernate.dialect.PostgreSQLDialect
[2020-05-29 13:57:19,516] [restartedMain] [INFO] [org.hib.eng.tra.jta.pla.int.JtaPlatformInitiator::initiateService] - HHH000490: Using JtaPlatform implementation: [org.hibernate.engine.transaction.jta.platform.internal.NoJtaPlatform]
[2020-05-29 13:57:19,522] [restartedMain] [INFO] [org.spr.orm.jpa.AbstractEntityManagerFactoryBean::buildNativeEntityManagerFactory] - Initialized JPA EntityManagerFactory for persistence unit 'default'
[2020-05-29 13:57:20,047] [restartedMain] [DEBUG] [org.spr.web.fil.GenericFilterBean::init] - Filter 'tokenAuthenticationFilter' configured for use
[2020-05-29 13:57:20,596] [restartedMain] [INFO] [org.spr.boo.act.end.web.EndpointLinksResolver::<init>] - Exposing 7 endpoint(s) beneath base path '/actuator'
[2020-05-29 13:57:20,877] [restartedMain] [INFO] [spr.doc.spr.web.PropertySourcedRequestMappingHandlerMapping::initHandlerMethods] - Mapped URL path [/v2/api-docs] onto method [springfox.documentation.swagger2.web.Swagger2Controller#getDocumentation(String, HttpServletRequest)]
[2020-05-29 13:57:21,101] [restartedMain] [INFO] [org.spr.sec.web.DefaultSecurityFilterChain::<init>] - Creating filter chain: any request, [org.springframework.security.web.context.request.async.WebAsyncManagerIntegrationFilter@447d2d58, org.springframework.security.web.context.SecurityContextPersistenceFilter@6e147e24, org.springframework.security.web.header.HeaderWriterFilter@30bf5acc, org.springframework.web.filter.CorsFilter@6c20ab00, org.springframework.security.web.authentication.logout.LogoutFilter@3e9a040b, org.springframework.security.oauth2.client.web.OAuth2AuthorizationRequestRedirectFilter@276058f8, org.springframework.security.oauth2.client.web.OAuth2LoginAuthenticationFilter@6277a642, com.example.springsocial.security.TokenAuthenticationFilter@5789ad37, org.springframework.security.web.savedrequest.RequestCacheAwareFilter@76cc61f1, org.springframework.security.web.servletapi.SecurityContextHolderAwareRequestFilter@3ee14e20, org.springframework.security.web.authentication.AnonymousAuthenticationFilter@b2ea219, org.springframework.security.web.session.SessionManagementFilter@13dd6e57, org.springframework.security.web.access.ExceptionTranslationFilter@214bd51a, org.springframework.security.web.access.intercept.FilterSecurityInterceptor@5d9ae264]
[2020-05-29 13:57:21,229] [restartedMain] [INFO] [org.spr.sch.con.ExecutorConfigurationSupport::initialize] - Initializing ExecutorService 'applicationTaskExecutor'
[2020-05-29 13:57:21,306] [restartedMain] [INFO] [org.spr.boo.dev.aut.OptionalLiveReloadServer::startServer] - LiveReload server is running on port 35729
[2020-05-29 13:57:21,808] [restartedMain] [INFO] [spr.doc.spr.web.plu.DocumentationPluginsBootstrapper::start] - Context refreshed
[2020-05-29 13:57:21,822] [restartedMain] [INFO] [spr.doc.spr.web.plu.DocumentationPluginsBootstrapper::start] - Found 1 custom documentation plugin(s)
[2020-05-29 13:57:21,860] [restartedMain] [INFO] [spr.doc.spr.web.sca.ApiListingReferenceScanner::scan] - Scanning for api listing references
[2020-05-29 13:57:22,056] [restartedMain] [INFO] [spr.doc.spr.web.rea.ope.CachingOperationNameGenerator::startingWith] - Generating unique operation named: handleUsingGET_1
[2020-05-29 13:57:22,058] [restartedMain] [INFO] [spr.doc.spr.web.rea.ope.CachingOperationNameGenerator::startingWith] - Generating unique operation named: handleUsingGET_2
[2020-05-29 13:57:22,059] [restartedMain] [INFO] [spr.doc.spr.web.rea.ope.CachingOperationNameGenerator::startingWith] - Generating unique operation named: handleUsingGET_3
[2020-05-29 13:57:22,061] [restartedMain] [INFO] [spr.doc.spr.web.rea.ope.CachingOperationNameGenerator::startingWith] - Generating unique operation named: handleUsingGET_4
[2020-05-29 13:57:22,063] [restartedMain] [INFO] [spr.doc.spr.web.rea.ope.CachingOperationNameGenerator::startingWith] - Generating unique operation named: handleUsingGET_5
[2020-05-29 13:57:22,065] [restartedMain] [INFO] [spr.doc.spr.web.rea.ope.CachingOperationNameGenerator::startingWith] - Generating unique operation named: handleUsingGET_6
[2020-05-29 13:57:22,067] [restartedMain] [INFO] [spr.doc.spr.web.rea.ope.CachingOperationNameGenerator::startingWith] - Generating unique operation named: handleUsingGET_7
[2020-05-29 13:57:22,069] [restartedMain] [INFO] [spr.doc.spr.web.rea.ope.CachingOperationNameGenerator::startingWith] - Generating unique operation named: handleUsingGET_8
[2020-05-29 13:57:22,071] [restartedMain] [INFO] [spr.doc.spr.web.rea.ope.CachingOperationNameGenerator::startingWith] - Generating unique operation named: handleUsingGET_9
[2020-05-29 13:57:22,072] [restartedMain] [INFO] [spr.doc.spr.web.rea.ope.CachingOperationNameGenerator::startingWith] - Generating unique operation named: handleUsingGET_10
[2020-05-29 13:57:22,108] [restartedMain] [INFO] [org.apa.jul.log.DirectJDKLog::log] - Starting ProtocolHandler ["http-nio-8080"]
[2020-05-29 13:57:22,137] [restartedMain] [INFO] [org.spr.boo.web.emb.tom.TomcatWebServer::start] - Tomcat started on port(s): 8080 (http) with context path ''
[2020-05-29 13:57:22,141] [restartedMain] [INFO] [org.spr.boo.StartupInfoLogger::logStarted] - Started SpringSocialApplication in 6.882 seconds (JVM running for 8.127)
[2020-05-29 13:57:24,197] [RMI TCP Connection(3)-127.0.0.1] [INFO] [org.apa.jul.log.DirectJDKLog::log] - Initializing Spring DispatcherServlet 'dispatcherServlet'
[2020-05-29 13:57:24,197] [RMI TCP Connection(3)-127.0.0.1] [INFO] [org.spr.web.ser.FrameworkServlet::initServletBean] - Initializing Servlet 'dispatcherServlet'
[2020-05-29 13:57:24,209] [RMI TCP Connection(3)-127.0.0.1] [INFO] [org.spr.web.ser.FrameworkServlet::initServletBean] - Completed initialization in 12 ms
