[2020-06-22 13:00:06,631] [Thread-60] [INFO] [org.spr.sch.con.ExecutorConfigurationSupport::shutdown] - Shutting down ExecutorService 'applicationTaskExecutor'
[2020-06-22 13:00:06,634] [Thread-60] [INFO] [org.spr.orm.jpa.AbstractEntityManagerFactoryBean::destroy] - Closing JPA EntityManagerFactory for persistence unit 'default'
[2020-06-22 13:00:06,634] [Thread-60] [INFO] [com.zax.hik.HikariDataSource::close] - HikariPool-9 - Shutdown initiated...
[2020-06-22 13:00:06,641] [Thread-60] [INFO] [com.zax.hik.HikariDataSource::close] - HikariPool-9 - Shutdown completed.
[2020-06-22 13:00:06,853] [restartedMain] [INFO] [org.spr.boo.StartupInfoLogger::logStarting] - Starting SpringSocialApplication on mmuzio with PID 82765 (/Users/bitch/Documents/GitHub/spring-boot-react-oauth2-social-login-demo/gitdate-backend-oauth/target/classes started by bitch in /Users/bitch/Documents/GitHub/spring-boot-react-oauth2-social-login-demo/gitdate-backend-oauth)
[2020-06-22 13:00:06,853] [restartedMain] [DEBUG] [org.spr.boo.StartupInfoLogger::logStarting] - Running with Spring Boot v2.2.1.RELEASE, Spring v5.2.1.RELEASE
[2020-06-22 13:00:06,854] [restartedMain] [INFO] [org.spr.boo.SpringApplication::logStartupProfileInfo] - No active profile set, falling back to default profiles: default
[2020-06-22 13:00:07,417] [restartedMain] [INFO] [org.spr.dat.rep.con.RepositoryConfigurationDelegate::registerRepositoriesIn] - Bootstrapping Spring Data repositories in DEFAULT mode.
[2020-06-22 13:00:07,442] [restartedMain] [INFO] [org.spr.dat.rep.con.RepositoryConfigurationDelegate::registerRepositoriesIn] - Finished Spring Data repository scanning in 23ms. Found 3 repository interfaces.
[2020-06-22 13:00:07,556] [restartedMain] [INFO] [org.spr.con.sup.PostProcessorRegistrationDelegate$BeanPostProcessorChecker::postProcessAfterInitialization] - Bean 'org.springframework.transaction.annotation.ProxyTransactionManagementConfiguration' of type [org.springframework.transaction.annotation.ProxyTransactionManagementConfiguration] is not eligible for getting processed by all BeanPostProcessors (for example: not eligible for auto-proxying)
[2020-06-22 13:00:07,564] [restartedMain] [INFO] [org.spr.con.sup.PostProcessorRegistrationDelegate$BeanPostProcessorChecker::postProcessAfterInitialization] - Bean 'org.springframework.security.config.annotation.configuration.ObjectPostProcessorConfiguration' of type [org.springframework.security.config.annotation.configuration.ObjectPostProcessorConfiguration] is not eligible for getting processed by all BeanPostProcessors (for example: not eligible for auto-proxying)
[2020-06-22 13:00:07,566] [restartedMain] [INFO] [org.spr.con.sup.PostProcessorRegistrationDelegate$BeanPostProcessorChecker::postProcessAfterInitialization] - Bean 'objectPostProcessor' of type [org.springframework.security.config.annotation.configuration.AutowireBeanFactoryObjectPostProcessor] is not eligible for getting processed by all BeanPostProcessors (for example: not eligible for auto-proxying)
[2020-06-22 13:00:07,567] [restartedMain] [INFO] [org.spr.con.sup.PostProcessorRegistrationDelegate$BeanPostProcessorChecker::postProcessAfterInitialization] - Bean 'org.springframework.security.access.expression.method.DefaultMethodSecurityExpressionHandler@608d0a64' of type [org.springframework.security.access.expression.method.DefaultMethodSecurityExpressionHandler] is not eligible for getting processed by all BeanPostProcessors (for example: not eligible for auto-proxying)
[2020-06-22 13:00:07,569] [restartedMain] [INFO] [org.spr.con.sup.PostProcessorRegistrationDelegate$BeanPostProcessorChecker::postProcessAfterInitialization] - Bean 'org.springframework.security.config.annotation.method.configuration.GlobalMethodSecurityConfiguration' of type [org.springframework.security.config.annotation.method.configuration.GlobalMethodSecurityConfiguration] is not eligible for getting processed by all BeanPostProcessors (for example: not eligible for auto-proxying)
[2020-06-22 13:00:07,573] [restartedMain] [INFO] [org.spr.con.sup.PostProcessorRegistrationDelegate$BeanPostProcessorChecker::postProcessAfterInitialization] - Bean 'org.springframework.security.config.annotation.method.configuration.Jsr250MetadataSourceConfiguration' of type [org.springframework.security.config.annotation.method.configuration.Jsr250MetadataSourceConfiguration] is not eligible for getting processed by all BeanPostProcessors (for example: not eligible for auto-proxying)
[2020-06-22 13:00:07,574] [restartedMain] [INFO] [org.spr.con.sup.PostProcessorRegistrationDelegate$BeanPostProcessorChecker::postProcessAfterInitialization] - Bean 'jsr250MethodSecurityMetadataSource' of type [org.springframework.security.access.annotation.Jsr250MethodSecurityMetadataSource] is not eligible for getting processed by all BeanPostProcessors (for example: not eligible for auto-proxying)
[2020-06-22 13:00:07,575] [restartedMain] [INFO] [org.spr.con.sup.PostProcessorRegistrationDelegate$BeanPostProcessorChecker::postProcessAfterInitialization] - Bean 'methodSecurityMetadataSource' of type [org.springframework.security.access.method.DelegatingMethodSecurityMetadataSource] is not eligible for getting processed by all BeanPostProcessors (for example: not eligible for auto-proxying)
[2020-06-22 13:00:07,719] [restartedMain] [WARN] [org.apa.jul.log.DirectJDKLog::log] - The MBean registry cannot be disabled because it has already been initialised
[2020-06-22 13:00:07,752] [restartedMain] [INFO] [org.spr.boo.web.emb.tom.TomcatWebServer::initialize] - Tomcat initialized with port(s): 8080 (http)
[2020-06-22 13:00:07,753] [restartedMain] [INFO] [org.apa.jul.log.DirectJDKLog::log] - Initializing ProtocolHandler ["http-nio-8080"]
[2020-06-22 13:00:07,753] [restartedMain] [INFO] [org.apa.jul.log.DirectJDKLog::log] - Starting service [Tomcat]
[2020-06-22 13:00:07,754] [restartedMain] [INFO] [org.apa.jul.log.DirectJDKLog::log] - Starting Servlet engine: [Apache Tomcat/9.0.27]
[2020-06-22 13:00:07,780] [restartedMain] [INFO] [org.apa.jul.log.DirectJDKLog::log] - Initializing Spring embedded WebApplicationContext
[2020-06-22 13:00:07,780] [restartedMain] [INFO] [org.spr.boo.web.ser.con.ServletWebServerApplicationContext::prepareWebApplicationContext] - Root WebApplicationContext: initialization completed in 924 ms
[2020-06-22 13:00:08,109] [restartedMain] [WARN] [org.spr.boo.aut.orm.jpa.JpaBaseConfiguration$JpaWebConfiguration::openEntityManagerInViewInterceptor] - spring.jpa.open-in-view is enabled by default. Therefore, database queries may be performed during view rendering. Explicitly configure spring.jpa.open-in-view to disable this warning
[2020-06-22 13:00:08,129] [restartedMain] [INFO] [com.zax.hik.HikariDataSource::getConnection] - HikariPool-10 - Starting...
[2020-06-22 13:00:08,135] [restartedMain] [INFO] [com.zax.hik.HikariDataSource::getConnection] - HikariPool-10 - Start completed.
[2020-06-22 13:00:08,143] [restartedMain] [INFO] [org.hib.jpa.int.uti.LogHelper::logPersistenceUnitInformation] - HHH000204: Processing PersistenceUnitInfo [name: default]
[2020-06-22 13:00:08,157] [restartedMain] [INFO] [org.hib.dia.Dialect::<init>] - HHH000400: Using dialect: org.hibernate.dialect.PostgreSQLDialect
[2020-06-22 13:00:08,365] [restartedMain] [INFO] [org.hib.eng.tra.jta.pla.int.JtaPlatformInitiator::initiateService] - HHH000490: Using JtaPlatform implementation: [org.hibernate.engine.transaction.jta.platform.internal.NoJtaPlatform]
[2020-06-22 13:00:08,365] [restartedMain] [INFO] [org.spr.orm.jpa.AbstractEntityManagerFactoryBean::buildNativeEntityManagerFactory] - Initialized JPA EntityManagerFactory for persistence unit 'default'
[2020-06-22 13:00:08,606] [restartedMain] [DEBUG] [org.spr.web.fil.GenericFilterBean::init] - Filter 'tokenAuthenticationFilter' configured for use
[2020-06-22 13:00:08,985] [restartedMain] [INFO] [org.spr.boo.act.end.web.EndpointLinksResolver::<init>] - Exposing 7 endpoint(s) beneath base path '/actuator'
[2020-06-22 13:00:09,169] [restartedMain] [INFO] [spr.doc.spr.web.PropertySourcedRequestMappingHandlerMapping::initHandlerMethods] - Mapped URL path [/v2/api-docs] onto method [springfox.documentation.swagger2.web.Swagger2Controller#getDocumentation(String, HttpServletRequest)]
[2020-06-22 13:00:09,312] [restartedMain] [INFO] [org.spr.sec.web.DefaultSecurityFilterChain::<init>] - Creating filter chain: any request, [org.springframework.security.web.context.request.async.WebAsyncManagerIntegrationFilter@69422355, org.springframework.security.web.context.SecurityContextPersistenceFilter@7c8d34b8, org.springframework.security.web.header.HeaderWriterFilter@42935802, org.springframework.web.filter.CorsFilter@4fc67fe4, org.springframework.security.web.authentication.logout.LogoutFilter@89454c1, org.springframework.security.oauth2.client.web.OAuth2AuthorizationRequestRedirectFilter@41d309f1, org.springframework.security.oauth2.client.web.OAuth2LoginAuthenticationFilter@6130789, com.example.springsocial.security.TokenAuthenticationFilter@da2ba3e, org.springframework.security.web.savedrequest.RequestCacheAwareFilter@57ba4ff, org.springframework.security.web.servletapi.SecurityContextHolderAwareRequestFilter@5d70af1a, org.springframework.security.web.authentication.AnonymousAuthenticationFilter@16837b6c, org.springframework.security.web.session.SessionManagementFilter@23ac76aa, org.springframework.security.web.access.ExceptionTranslationFilter@140da046, org.springframework.security.web.access.intercept.FilterSecurityInterceptor@6f39337a]
[2020-06-22 13:00:09,389] [restartedMain] [INFO] [org.spr.sch.con.ExecutorConfigurationSupport::initialize] - Initializing ExecutorService 'applicationTaskExecutor'
[2020-06-22 13:00:09,427] [restartedMain] [INFO] [org.spr.boo.dev.aut.OptionalLiveReloadServer::startServer] - LiveReload server is running on port 35729
[2020-06-22 13:00:09,650] [restartedMain] [INFO] [spr.doc.spr.web.plu.DocumentationPluginsBootstrapper::start] - Context refreshed
[2020-06-22 13:00:09,651] [restartedMain] [INFO] [spr.doc.spr.web.plu.DocumentationPluginsBootstrapper::start] - Found 1 custom documentation plugin(s)
[2020-06-22 13:00:09,657] [restartedMain] [INFO] [spr.doc.spr.web.sca.ApiListingReferenceScanner::scan] - Scanning for api listing references
[2020-06-22 13:00:09,707] [restartedMain] [INFO] [spr.doc.spr.web.rea.ope.CachingOperationNameGenerator::startingWith] - Generating unique operation named: handleUsingGET_1
[2020-06-22 13:00:09,708] [restartedMain] [INFO] [spr.doc.spr.web.rea.ope.CachingOperationNameGenerator::startingWith] - Generating unique operation named: handleUsingGET_2
[2020-06-22 13:00:09,709] [restartedMain] [INFO] [spr.doc.spr.web.rea.ope.CachingOperationNameGenerator::startingWith] - Generating unique operation named: handleUsingGET_3
[2020-06-22 13:00:09,710] [restartedMain] [INFO] [spr.doc.spr.web.rea.ope.CachingOperationNameGenerator::startingWith] - Generating unique operation named: handleUsingGET_4
[2020-06-22 13:00:09,710] [restartedMain] [INFO] [spr.doc.spr.web.rea.ope.CachingOperationNameGenerator::startingWith] - Generating unique operation named: handleUsingGET_5
[2020-06-22 13:00:09,712] [restartedMain] [INFO] [spr.doc.spr.web.rea.ope.CachingOperationNameGenerator::startingWith] - Generating unique operation named: handleUsingGET_6
[2020-06-22 13:00:09,712] [restartedMain] [INFO] [spr.doc.spr.web.rea.ope.CachingOperationNameGenerator::startingWith] - Generating unique operation named: handleUsingGET_7
[2020-06-22 13:00:09,713] [restartedMain] [INFO] [spr.doc.spr.web.rea.ope.CachingOperationNameGenerator::startingWith] - Generating unique operation named: handleUsingGET_8
[2020-06-22 13:00:09,714] [restartedMain] [INFO] [spr.doc.spr.web.rea.ope.CachingOperationNameGenerator::startingWith] - Generating unique operation named: handleUsingGET_9
[2020-06-22 13:00:09,715] [restartedMain] [INFO] [spr.doc.spr.web.rea.ope.CachingOperationNameGenerator::startingWith] - Generating unique operation named: handleUsingGET_10
[2020-06-22 13:00:09,731] [restartedMain] [INFO] [org.apa.jul.log.DirectJDKLog::log] - Starting ProtocolHandler ["http-nio-8080"]
[2020-06-22 13:00:09,733] [restartedMain] [INFO] [org.spr.boo.web.emb.tom.TomcatWebServer::start] - Tomcat started on port(s): 8080 (http) with context path ''
[2020-06-22 13:00:09,734] [restartedMain] [INFO] [org.spr.boo.StartupInfoLogger::logStarted] - Started SpringSocialApplication in 2.932 seconds (JVM running for 1363.529)
[2020-06-22 13:00:09,738] [restartedMain] [INFO] [org.spr.boo.dev.aut.ConditionEvaluationDeltaLoggingListener::onApplicationEvent] - Condition evaluation unchanged
[2020-06-22 13:00:12,460] [Thread-66] [INFO] [org.spr.sch.con.ExecutorConfigurationSupport::shutdown] - Shutting down ExecutorService 'applicationTaskExecutor'
[2020-06-22 13:00:12,462] [Thread-66] [INFO] [org.spr.orm.jpa.AbstractEntityManagerFactoryBean::destroy] - Closing JPA EntityManagerFactory for persistence unit 'default'
[2020-06-22 13:00:12,463] [Thread-66] [INFO] [com.zax.hik.HikariDataSource::close] - HikariPool-10 - Shutdown initiated...
[2020-06-22 13:00:12,468] [Thread-66] [INFO] [com.zax.hik.HikariDataSource::close] - HikariPool-10 - Shutdown completed.
[2020-06-22 13:00:12,670] [restartedMain] [INFO] [org.spr.boo.StartupInfoLogger::logStarting] - Starting SpringSocialApplication on mmuzio with PID 82765 (/Users/bitch/Documents/GitHub/spring-boot-react-oauth2-social-login-demo/gitdate-backend-oauth/target/classes started by bitch in /Users/bitch/Documents/GitHub/spring-boot-react-oauth2-social-login-demo/gitdate-backend-oauth)
[2020-06-22 13:00:12,671] [restartedMain] [DEBUG] [org.spr.boo.StartupInfoLogger::logStarting] - Running with Spring Boot v2.2.1.RELEASE, Spring v5.2.1.RELEASE
[2020-06-22 13:00:12,671] [restartedMain] [INFO] [org.spr.boo.SpringApplication::logStartupProfileInfo] - No active profile set, falling back to default profiles: default
[2020-06-22 13:00:13,129] [restartedMain] [INFO] [org.spr.dat.rep.con.RepositoryConfigurationDelegate::registerRepositoriesIn] - Bootstrapping Spring Data repositories in DEFAULT mode.
[2020-06-22 13:00:13,155] [restartedMain] [INFO] [org.spr.dat.rep.con.RepositoryConfigurationDelegate::registerRepositoriesIn] - Finished Spring Data repository scanning in 26ms. Found 3 repository interfaces.
[2020-06-22 13:00:13,266] [restartedMain] [INFO] [org.spr.con.sup.PostProcessorRegistrationDelegate$BeanPostProcessorChecker::postProcessAfterInitialization] - Bean 'org.springframework.transaction.annotation.ProxyTransactionManagementConfiguration' of type [org.springframework.transaction.annotation.ProxyTransactionManagementConfiguration] is not eligible for getting processed by all BeanPostProcessors (for example: not eligible for auto-proxying)
[2020-06-22 13:00:13,278] [restartedMain] [INFO] [org.spr.con.sup.PostProcessorRegistrationDelegate$BeanPostProcessorChecker::postProcessAfterInitialization] - Bean 'org.springframework.security.config.annotation.configuration.ObjectPostProcessorConfiguration' of type [org.springframework.security.config.annotation.configuration.ObjectPostProcessorConfiguration] is not eligible for getting processed by all BeanPostProcessors (for example: not eligible for auto-proxying)
[2020-06-22 13:00:13,280] [restartedMain] [INFO] [org.spr.con.sup.PostProcessorRegistrationDelegate$BeanPostProcessorChecker::postProcessAfterInitialization] - Bean 'objectPostProcessor' of type [org.springframework.security.config.annotation.configuration.AutowireBeanFactoryObjectPostProcessor] is not eligible for getting processed by all BeanPostProcessors (for example: not eligible for auto-proxying)
[2020-06-22 13:00:13,281] [restartedMain] [INFO] [org.spr.con.sup.PostProcessorRegistrationDelegate$BeanPostProcessorChecker::postProcessAfterInitialization] - Bean 'org.springframework.security.access.expression.method.DefaultMethodSecurityExpressionHandler@3e3def98' of type [org.springframework.security.access.expression.method.DefaultMethodSecurityExpressionHandler] is not eligible for getting processed by all BeanPostProcessors (for example: not eligible for auto-proxying)
[2020-06-22 13:00:13,285] [restartedMain] [INFO] [org.spr.con.sup.PostProcessorRegistrationDelegate$BeanPostProcessorChecker::postProcessAfterInitialization] - Bean 'org.springframework.security.config.annotation.method.configuration.GlobalMethodSecurityConfiguration' of type [org.springframework.security.config.annotation.method.configuration.GlobalMethodSecurityConfiguration] is not eligible for getting processed by all BeanPostProcessors (for example: not eligible for auto-proxying)
[2020-06-22 13:00:13,292] [restartedMain] [INFO] [org.spr.con.sup.PostProcessorRegistrationDelegate$BeanPostProcessorChecker::postProcessAfterInitialization] - Bean 'org.springframework.security.config.annotation.method.configuration.Jsr250MetadataSourceConfiguration' of type [org.springframework.security.config.annotation.method.configuration.Jsr250MetadataSourceConfiguration] is not eligible for getting processed by all BeanPostProcessors (for example: not eligible for auto-proxying)
[2020-06-22 13:00:13,293] [restartedMain] [INFO] [org.spr.con.sup.PostProcessorRegistrationDelegate$BeanPostProcessorChecker::postProcessAfterInitialization] - Bean 'jsr250MethodSecurityMetadataSource' of type [org.springframework.security.access.annotation.Jsr250MethodSecurityMetadataSource] is not eligible for getting processed by all BeanPostProcessors (for example: not eligible for auto-proxying)
[2020-06-22 13:00:13,294] [restartedMain] [INFO] [org.spr.con.sup.PostProcessorRegistrationDelegate$BeanPostProcessorChecker::postProcessAfterInitialization] - Bean 'methodSecurityMetadataSource' of type [org.springframework.security.access.method.DelegatingMethodSecurityMetadataSource] is not eligible for getting processed by all BeanPostProcessors (for example: not eligible for auto-proxying)
[2020-06-22 13:00:13,429] [restartedMain] [WARN] [org.apa.jul.log.DirectJDKLog::log] - The MBean registry cannot be disabled because it has already been initialised
[2020-06-22 13:00:13,469] [restartedMain] [INFO] [org.spr.boo.web.emb.tom.TomcatWebServer::initialize] - Tomcat initialized with port(s): 8080 (http)
[2020-06-22 13:00:13,470] [restartedMain] [INFO] [org.apa.jul.log.DirectJDKLog::log] - Initializing ProtocolHandler ["http-nio-8080"]
[2020-06-22 13:00:13,471] [restartedMain] [INFO] [org.apa.jul.log.DirectJDKLog::log] - Starting service [Tomcat]
[2020-06-22 13:00:13,471] [restartedMain] [INFO] [org.apa.jul.log.DirectJDKLog::log] - Starting Servlet engine: [Apache Tomcat/9.0.27]
[2020-06-22 13:00:13,494] [restartedMain] [INFO] [org.apa.jul.log.DirectJDKLog::log] - Initializing Spring embedded WebApplicationContext
[2020-06-22 13:00:13,494] [restartedMain] [INFO] [org.spr.boo.web.ser.con.ServletWebServerApplicationContext::prepareWebApplicationContext] - Root WebApplicationContext: initialization completed in 821 ms
[2020-06-22 13:00:13,820] [restartedMain] [WARN] [org.spr.boo.aut.orm.jpa.JpaBaseConfiguration$JpaWebConfiguration::openEntityManagerInViewInterceptor] - spring.jpa.open-in-view is enabled by default. Therefore, database queries may be performed during view rendering. Explicitly configure spring.jpa.open-in-view to disable this warning
[2020-06-22 13:00:13,845] [restartedMain] [INFO] [com.zax.hik.HikariDataSource::getConnection] - HikariPool-11 - Starting...
[2020-06-22 13:00:13,852] [restartedMain] [INFO] [com.zax.hik.HikariDataSource::getConnection] - HikariPool-11 - Start completed.
[2020-06-22 13:00:13,859] [restartedMain] [INFO] [org.hib.jpa.int.uti.LogHelper::logPersistenceUnitInformation] - HHH000204: Processing PersistenceUnitInfo [name: default]
[2020-06-22 13:00:13,873] [restartedMain] [INFO] [org.hib.dia.Dialect::<init>] - HHH000400: Using dialect: org.hibernate.dialect.PostgreSQLDialect
[2020-06-22 13:00:14,077] [restartedMain] [INFO] [org.hib.eng.tra.jta.pla.int.JtaPlatformInitiator::initiateService] - HHH000490: Using JtaPlatform implementation: [org.hibernate.engine.transaction.jta.platform.internal.NoJtaPlatform]
[2020-06-22 13:00:14,077] [restartedMain] [INFO] [org.spr.orm.jpa.AbstractEntityManagerFactoryBean::buildNativeEntityManagerFactory] - Initialized JPA EntityManagerFactory for persistence unit 'default'
[2020-06-22 13:00:14,303] [restartedMain] [DEBUG] [org.spr.web.fil.GenericFilterBean::init] - Filter 'tokenAuthenticationFilter' configured for use
[2020-06-22 13:00:14,641] [restartedMain] [INFO] [org.spr.boo.act.end.web.EndpointLinksResolver::<init>] - Exposing 7 endpoint(s) beneath base path '/actuator'
[2020-06-22 13:00:14,802] [restartedMain] [INFO] [spr.doc.spr.web.PropertySourcedRequestMappingHandlerMapping::initHandlerMethods] - Mapped URL path [/v2/api-docs] onto method [springfox.documentation.swagger2.web.Swagger2Controller#getDocumentation(String, HttpServletRequest)]
[2020-06-22 13:00:14,977] [restartedMain] [INFO] [org.spr.sec.web.DefaultSecurityFilterChain::<init>] - Creating filter chain: any request, [org.springframework.security.web.context.request.async.WebAsyncManagerIntegrationFilter@238e9a3, org.springframework.security.web.context.SecurityContextPersistenceFilter@55701bfc, org.springframework.security.web.header.HeaderWriterFilter@35d96aeb, org.springframework.web.filter.CorsFilter@19d0501f, org.springframework.security.web.authentication.logout.LogoutFilter@1e2e96e3, org.springframework.security.oauth2.client.web.OAuth2AuthorizationRequestRedirectFilter@16d8492f, org.springframework.security.oauth2.client.web.OAuth2LoginAuthenticationFilter@5125fe76, com.example.springsocial.security.TokenAuthenticationFilter@6ebec72c, org.springframework.security.web.savedrequest.RequestCacheAwareFilter@bea44e3, org.springframework.security.web.servletapi.SecurityContextHolderAwareRequestFilter@751af947, org.springframework.security.web.authentication.AnonymousAuthenticationFilter@4d15e33b, org.springframework.security.web.session.SessionManagementFilter@35116c26, org.springframework.security.web.access.ExceptionTranslationFilter@124981b0, org.springframework.security.web.access.intercept.FilterSecurityInterceptor@296652a1]
[2020-06-22 13:00:15,053] [restartedMain] [INFO] [org.spr.sch.con.ExecutorConfigurationSupport::initialize] - Initializing ExecutorService 'applicationTaskExecutor'
[2020-06-22 13:00:15,094] [restartedMain] [INFO] [org.spr.boo.dev.aut.OptionalLiveReloadServer::startServer] - LiveReload server is running on port 35729
[2020-06-22 13:00:15,314] [restartedMain] [INFO] [spr.doc.spr.web.plu.DocumentationPluginsBootstrapper::start] - Context refreshed
[2020-06-22 13:00:15,315] [restartedMain] [INFO] [spr.doc.spr.web.plu.DocumentationPluginsBootstrapper::start] - Found 1 custom documentation plugin(s)
[2020-06-22 13:00:15,322] [restartedMain] [INFO] [spr.doc.spr.web.sca.ApiListingReferenceScanner::scan] - Scanning for api listing references
[2020-06-22 13:00:15,370] [restartedMain] [INFO] [spr.doc.spr.web.rea.ope.CachingOperationNameGenerator::startingWith] - Generating unique operation named: handleUsingGET_1
[2020-06-22 13:00:15,371] [restartedMain] [INFO] [spr.doc.spr.web.rea.ope.CachingOperationNameGenerator::startingWith] - Generating unique operation named: handleUsingGET_2
[2020-06-22 13:00:15,371] [restartedMain] [INFO] [spr.doc.spr.web.rea.ope.CachingOperationNameGenerator::startingWith] - Generating unique operation named: handleUsingGET_3
[2020-06-22 13:00:15,372] [restartedMain] [INFO] [spr.doc.spr.web.rea.ope.CachingOperationNameGenerator::startingWith] - Generating unique operation named: handleUsingGET_4
[2020-06-22 13:00:15,373] [restartedMain] [INFO] [spr.doc.spr.web.rea.ope.CachingOperationNameGenerator::startingWith] - Generating unique operation named: handleUsingGET_5
[2020-06-22 13:00:15,375] [restartedMain] [INFO] [spr.doc.spr.web.rea.ope.CachingOperationNameGenerator::startingWith] - Generating unique operation named: handleUsingGET_6
[2020-06-22 13:00:15,376] [restartedMain] [INFO] [spr.doc.spr.web.rea.ope.CachingOperationNameGenerator::startingWith] - Generating unique operation named: handleUsingGET_7
[2020-06-22 13:00:15,377] [restartedMain] [INFO] [spr.doc.spr.web.rea.ope.CachingOperationNameGenerator::startingWith] - Generating unique operation named: handleUsingGET_8
[2020-06-22 13:00:15,378] [restartedMain] [INFO] [spr.doc.spr.web.rea.ope.CachingOperationNameGenerator::startingWith] - Generating unique operation named: handleUsingGET_9
[2020-06-22 13:00:15,379] [restartedMain] [INFO] [spr.doc.spr.web.rea.ope.CachingOperationNameGenerator::startingWith] - Generating unique operation named: handleUsingGET_10
[2020-06-22 13:00:15,401] [restartedMain] [INFO] [org.apa.jul.log.DirectJDKLog::log] - Starting ProtocolHandler ["http-nio-8080"]
[2020-06-22 13:00:15,402] [restartedMain] [INFO] [org.spr.boo.web.emb.tom.TomcatWebServer::start] - Tomcat started on port(s): 8080 (http) with context path ''
[2020-06-22 13:00:15,403] [restartedMain] [INFO] [org.spr.boo.StartupInfoLogger::logStarted] - Started SpringSocialApplication in 2.783 seconds (JVM running for 1369.198)
[2020-06-22 13:00:15,408] [restartedMain] [INFO] [org.spr.boo.dev.aut.ConditionEvaluationDeltaLoggingListener::onApplicationEvent] - Condition evaluation unchanged
[2020-06-22 13:02:08,022] [Thread-72] [INFO] [org.spr.sch.con.ExecutorConfigurationSupport::shutdown] - Shutting down ExecutorService 'applicationTaskExecutor'
[2020-06-22 13:02:08,024] [Thread-72] [INFO] [org.spr.orm.jpa.AbstractEntityManagerFactoryBean::destroy] - Closing JPA EntityManagerFactory for persistence unit 'default'
[2020-06-22 13:02:08,025] [Thread-72] [INFO] [com.zax.hik.HikariDataSource::close] - HikariPool-11 - Shutdown initiated...
[2020-06-22 13:02:08,032] [Thread-72] [INFO] [com.zax.hik.HikariDataSource::close] - HikariPool-11 - Shutdown completed.
[2020-06-22 13:02:08,224] [restartedMain] [INFO] [org.spr.boo.StartupInfoLogger::logStarting] - Starting SpringSocialApplication on mmuzio with PID 82765 (/Users/bitch/Documents/GitHub/spring-boot-react-oauth2-social-login-demo/gitdate-backend-oauth/target/classes started by bitch in /Users/bitch/Documents/GitHub/spring-boot-react-oauth2-social-login-demo/gitdate-backend-oauth)
[2020-06-22 13:02:08,225] [restartedMain] [DEBUG] [org.spr.boo.StartupInfoLogger::logStarting] - Running with Spring Boot v2.2.1.RELEASE, Spring v5.2.1.RELEASE
[2020-06-22 13:02:08,225] [restartedMain] [INFO] [org.spr.boo.SpringApplication::logStartupProfileInfo] - No active profile set, falling back to default profiles: default
[2020-06-22 13:02:08,720] [restartedMain] [INFO] [org.spr.dat.rep.con.RepositoryConfigurationDelegate::registerRepositoriesIn] - Bootstrapping Spring Data repositories in DEFAULT mode.
[2020-06-22 13:02:08,744] [restartedMain] [INFO] [org.spr.dat.rep.con.RepositoryConfigurationDelegate::registerRepositoriesIn] - Finished Spring Data repository scanning in 24ms. Found 3 repository interfaces.
[2020-06-22 13:02:08,843] [restartedMain] [INFO] [org.spr.con.sup.PostProcessorRegistrationDelegate$BeanPostProcessorChecker::postProcessAfterInitialization] - Bean 'org.springframework.transaction.annotation.ProxyTransactionManagementConfiguration' of type [org.springframework.transaction.annotation.ProxyTransactionManagementConfiguration] is not eligible for getting processed by all BeanPostProcessors (for example: not eligible for auto-proxying)
[2020-06-22 13:02:08,852] [restartedMain] [INFO] [org.spr.con.sup.PostProcessorRegistrationDelegate$BeanPostProcessorChecker::postProcessAfterInitialization] - Bean 'org.springframework.security.config.annotation.configuration.ObjectPostProcessorConfiguration' of type [org.springframework.security.config.annotation.configuration.ObjectPostProcessorConfiguration] is not eligible for getting processed by all BeanPostProcessors (for example: not eligible for auto-proxying)
[2020-06-22 13:02:08,854] [restartedMain] [INFO] [org.spr.con.sup.PostProcessorRegistrationDelegate$BeanPostProcessorChecker::postProcessAfterInitialization] - Bean 'objectPostProcessor' of type [org.springframework.security.config.annotation.configuration.AutowireBeanFactoryObjectPostProcessor] is not eligible for getting processed by all BeanPostProcessors (for example: not eligible for auto-proxying)
[2020-06-22 13:02:08,855] [restartedMain] [INFO] [org.spr.con.sup.PostProcessorRegistrationDelegate$BeanPostProcessorChecker::postProcessAfterInitialization] - Bean 'org.springframework.security.access.expression.method.DefaultMethodSecurityExpressionHandler@50178bb0' of type [org.springframework.security.access.expression.method.DefaultMethodSecurityExpressionHandler] is not eligible for getting processed by all BeanPostProcessors (for example: not eligible for auto-proxying)
[2020-06-22 13:02:08,859] [restartedMain] [INFO] [org.spr.con.sup.PostProcessorRegistrationDelegate$BeanPostProcessorChecker::postProcessAfterInitialization] - Bean 'org.springframework.security.config.annotation.method.configuration.GlobalMethodSecurityConfiguration' of type [org.springframework.security.config.annotation.method.configuration.GlobalMethodSecurityConfiguration] is not eligible for getting processed by all BeanPostProcessors (for example: not eligible for auto-proxying)
[2020-06-22 13:02:08,861] [restartedMain] [INFO] [org.spr.con.sup.PostProcessorRegistrationDelegate$BeanPostProcessorChecker::postProcessAfterInitialization] - Bean 'org.springframework.security.config.annotation.method.configuration.Jsr250MetadataSourceConfiguration' of type [org.springframework.security.config.annotation.method.configuration.Jsr250MetadataSourceConfiguration] is not eligible for getting processed by all BeanPostProcessors (for example: not eligible for auto-proxying)
[2020-06-22 13:02:08,862] [restartedMain] [INFO] [org.spr.con.sup.PostProcessorRegistrationDelegate$BeanPostProcessorChecker::postProcessAfterInitialization] - Bean 'jsr250MethodSecurityMetadataSource' of type [org.springframework.security.access.annotation.Jsr250MethodSecurityMetadataSource] is not eligible for getting processed by all BeanPostProcessors (for example: not eligible for auto-proxying)
[2020-06-22 13:02:08,862] [restartedMain] [INFO] [org.spr.con.sup.PostProcessorRegistrationDelegate$BeanPostProcessorChecker::postProcessAfterInitialization] - Bean 'methodSecurityMetadataSource' of type [org.springframework.security.access.method.DelegatingMethodSecurityMetadataSource] is not eligible for getting processed by all BeanPostProcessors (for example: not eligible for auto-proxying)
[2020-06-22 13:02:08,973] [restartedMain] [WARN] [org.apa.jul.log.DirectJDKLog::log] - The MBean registry cannot be disabled because it has already been initialised
[2020-06-22 13:02:08,996] [restartedMain] [INFO] [org.spr.boo.web.emb.tom.TomcatWebServer::initialize] - Tomcat initialized with port(s): 8080 (http)
[2020-06-22 13:02:08,997] [restartedMain] [INFO] [org.apa.jul.log.DirectJDKLog::log] - Initializing ProtocolHandler ["http-nio-8080"]
[2020-06-22 13:02:08,997] [restartedMain] [INFO] [org.apa.jul.log.DirectJDKLog::log] - Starting service [Tomcat]
[2020-06-22 13:02:08,997] [restartedMain] [INFO] [org.apa.jul.log.DirectJDKLog::log] - Starting Servlet engine: [Apache Tomcat/9.0.27]
[2020-06-22 13:02:09,012] [restartedMain] [INFO] [org.apa.jul.log.DirectJDKLog::log] - Initializing Spring embedded WebApplicationContext
[2020-06-22 13:02:09,012] [restartedMain] [INFO] [org.spr.boo.web.ser.con.ServletWebServerApplicationContext::prepareWebApplicationContext] - Root WebApplicationContext: initialization completed in 785 ms
[2020-06-22 13:02:09,270] [restartedMain] [WARN] [org.spr.boo.aut.orm.jpa.JpaBaseConfiguration$JpaWebConfiguration::openEntityManagerInViewInterceptor] - spring.jpa.open-in-view is enabled by default. Therefore, database queries may be performed during view rendering. Explicitly configure spring.jpa.open-in-view to disable this warning
[2020-06-22 13:02:09,292] [restartedMain] [INFO] [com.zax.hik.HikariDataSource::getConnection] - HikariPool-12 - Starting...
[2020-06-22 13:02:09,299] [restartedMain] [INFO] [com.zax.hik.HikariDataSource::getConnection] - HikariPool-12 - Start completed.
[2020-06-22 13:02:09,307] [restartedMain] [INFO] [org.hib.jpa.int.uti.LogHelper::logPersistenceUnitInformation] - HHH000204: Processing PersistenceUnitInfo [name: default]
[2020-06-22 13:02:09,317] [restartedMain] [INFO] [org.hib.dia.Dialect::<init>] - HHH000400: Using dialect: org.hibernate.dialect.PostgreSQLDialect
[2020-06-22 13:02:09,504] [restartedMain] [INFO] [org.hib.eng.tra.jta.pla.int.JtaPlatformInitiator::initiateService] - HHH000490: Using JtaPlatform implementation: [org.hibernate.engine.transaction.jta.platform.internal.NoJtaPlatform]
[2020-06-22 13:02:09,504] [restartedMain] [INFO] [org.spr.orm.jpa.AbstractEntityManagerFactoryBean::buildNativeEntityManagerFactory] - Initialized JPA EntityManagerFactory for persistence unit 'default'
[2020-06-22 13:02:09,750] [restartedMain] [DEBUG] [org.spr.web.fil.GenericFilterBean::init] - Filter 'tokenAuthenticationFilter' configured for use
[2020-06-22 13:02:10,046] [restartedMain] [INFO] [org.spr.boo.act.end.web.EndpointLinksResolver::<init>] - Exposing 7 endpoint(s) beneath base path '/actuator'
[2020-06-22 13:02:10,200] [restartedMain] [INFO] [spr.doc.spr.web.PropertySourcedRequestMappingHandlerMapping::initHandlerMethods] - Mapped URL path [/v2/api-docs] onto method [springfox.documentation.swagger2.web.Swagger2Controller#getDocumentation(String, HttpServletRequest)]
[2020-06-22 13:02:10,364] [restartedMain] [INFO] [org.spr.sec.web.DefaultSecurityFilterChain::<init>] - Creating filter chain: any request, [org.springframework.security.web.context.request.async.WebAsyncManagerIntegrationFilter@4315f25, org.springframework.security.web.context.SecurityContextPersistenceFilter@61aabcf0, org.springframework.security.web.header.HeaderWriterFilter@156a348a, org.springframework.web.filter.CorsFilter@623f1d42, org.springframework.security.web.authentication.logout.LogoutFilter@e4387e0, org.springframework.security.oauth2.client.web.OAuth2AuthorizationRequestRedirectFilter@bcd2d5e, org.springframework.security.oauth2.client.web.OAuth2LoginAuthenticationFilter@7357d6c2, com.example.springsocial.security.TokenAuthenticationFilter@6d2eaf83, org.springframework.security.web.savedrequest.RequestCacheAwareFilter@4d566bf2, org.springframework.security.web.servletapi.SecurityContextHolderAwareRequestFilter@95cd8b6, org.springframework.security.web.authentication.AnonymousAuthenticationFilter@fa6b86, org.springframework.security.web.session.SessionManagementFilter@5afd251b, org.springframework.security.web.access.ExceptionTranslationFilter@67097b2c, org.springframework.security.web.access.intercept.FilterSecurityInterceptor@35fa625b]
[2020-06-22 13:02:10,441] [restartedMain] [INFO] [org.spr.sch.con.ExecutorConfigurationSupport::initialize] - Initializing ExecutorService 'applicationTaskExecutor'
[2020-06-22 13:02:10,480] [restartedMain] [INFO] [org.spr.boo.dev.aut.OptionalLiveReloadServer::startServer] - LiveReload server is running on port 35729
[2020-06-22 13:02:10,694] [restartedMain] [INFO] [spr.doc.spr.web.plu.DocumentationPluginsBootstrapper::start] - Context refreshed
[2020-06-22 13:02:10,695] [restartedMain] [INFO] [spr.doc.spr.web.plu.DocumentationPluginsBootstrapper::start] - Found 1 custom documentation plugin(s)
[2020-06-22 13:02:10,703] [restartedMain] [INFO] [spr.doc.spr.web.sca.ApiListingReferenceScanner::scan] - Scanning for api listing references
[2020-06-22 13:02:10,756] [restartedMain] [INFO] [spr.doc.spr.web.rea.ope.CachingOperationNameGenerator::startingWith] - Generating unique operation named: handleUsingGET_1
[2020-06-22 13:02:10,756] [restartedMain] [INFO] [spr.doc.spr.web.rea.ope.CachingOperationNameGenerator::startingWith] - Generating unique operation named: handleUsingGET_2
[2020-06-22 13:02:10,758] [restartedMain] [INFO] [spr.doc.spr.web.rea.ope.CachingOperationNameGenerator::startingWith] - Generating unique operation named: handleUsingGET_3
[2020-06-22 13:02:10,758] [restartedMain] [INFO] [spr.doc.spr.web.rea.ope.CachingOperationNameGenerator::startingWith] - Generating unique operation named: handleUsingGET_4
[2020-06-22 13:02:10,760] [restartedMain] [INFO] [spr.doc.spr.web.rea.ope.CachingOperationNameGenerator::startingWith] - Generating unique operation named: handleUsingGET_5
[2020-06-22 13:02:10,761] [restartedMain] [INFO] [spr.doc.spr.web.rea.ope.CachingOperationNameGenerator::startingWith] - Generating unique operation named: handleUsingGET_6
[2020-06-22 13:02:10,762] [restartedMain] [INFO] [spr.doc.spr.web.rea.ope.CachingOperationNameGenerator::startingWith] - Generating unique operation named: handleUsingGET_7
[2020-06-22 13:02:10,763] [restartedMain] [INFO] [spr.doc.spr.web.rea.ope.CachingOperationNameGenerator::startingWith] - Generating unique operation named: handleUsingGET_8
[2020-06-22 13:02:10,764] [restartedMain] [INFO] [spr.doc.spr.web.rea.ope.CachingOperationNameGenerator::startingWith] - Generating unique operation named: handleUsingGET_9
[2020-06-22 13:02:10,765] [restartedMain] [INFO] [spr.doc.spr.web.rea.ope.CachingOperationNameGenerator::startingWith] - Generating unique operation named: handleUsingGET_10
[2020-06-22 13:02:10,782] [restartedMain] [INFO] [org.apa.jul.log.DirectJDKLog::log] - Starting ProtocolHandler ["http-nio-8080"]
[2020-06-22 13:02:10,783] [restartedMain] [INFO] [org.spr.boo.web.emb.tom.TomcatWebServer::start] - Tomcat started on port(s): 8080 (http) with context path ''
[2020-06-22 13:02:10,785] [restartedMain] [INFO] [org.spr.boo.StartupInfoLogger::logStarted] - Started SpringSocialApplication in 2.602 seconds (JVM running for 1484.579)
[2020-06-22 13:02:10,790] [restartedMain] [INFO] [org.spr.boo.dev.aut.ConditionEvaluationDeltaLoggingListener::onApplicationEvent] - Condition evaluation unchanged
[2020-06-22 13:02:49,515] [Thread-78] [INFO] [org.spr.sch.con.ExecutorConfigurationSupport::shutdown] - Shutting down ExecutorService 'applicationTaskExecutor'
[2020-06-22 13:02:49,517] [Thread-78] [INFO] [org.spr.orm.jpa.AbstractEntityManagerFactoryBean::destroy] - Closing JPA EntityManagerFactory for persistence unit 'default'
[2020-06-22 13:02:49,517] [Thread-78] [INFO] [com.zax.hik.HikariDataSource::close] - HikariPool-12 - Shutdown initiated...
[2020-06-22 13:02:49,524] [Thread-78] [INFO] [com.zax.hik.HikariDataSource::close] - HikariPool-12 - Shutdown completed.
[2020-06-22 13:02:49,724] [restartedMain] [INFO] [org.spr.boo.StartupInfoLogger::logStarting] - Starting SpringSocialApplication on mmuzio with PID 82765 (/Users/bitch/Documents/GitHub/spring-boot-react-oauth2-social-login-demo/gitdate-backend-oauth/target/classes started by bitch in /Users/bitch/Documents/GitHub/spring-boot-react-oauth2-social-login-demo/gitdate-backend-oauth)
[2020-06-22 13:02:49,724] [restartedMain] [DEBUG] [org.spr.boo.StartupInfoLogger::logStarting] - Running with Spring Boot v2.2.1.RELEASE, Spring v5.2.1.RELEASE
[2020-06-22 13:02:49,724] [restartedMain] [INFO] [org.spr.boo.SpringApplication::logStartupProfileInfo] - No active profile set, falling back to default profiles: default
[2020-06-22 13:02:50,217] [restartedMain] [INFO] [org.spr.dat.rep.con.RepositoryConfigurationDelegate::registerRepositoriesIn] - Bootstrapping Spring Data repositories in DEFAULT mode.
[2020-06-22 13:02:50,242] [restartedMain] [INFO] [org.spr.dat.rep.con.RepositoryConfigurationDelegate::registerRepositoriesIn] - Finished Spring Data repository scanning in 24ms. Found 3 repository interfaces.
[2020-06-22 13:02:50,360] [restartedMain] [INFO] [org.spr.con.sup.PostProcessorRegistrationDelegate$BeanPostProcessorChecker::postProcessAfterInitialization] - Bean 'org.springframework.transaction.annotation.ProxyTransactionManagementConfiguration' of type [org.springframework.transaction.annotation.ProxyTransactionManagementConfiguration] is not eligible for getting processed by all BeanPostProcessors (for example: not eligible for auto-proxying)
[2020-06-22 13:02:50,371] [restartedMain] [INFO] [org.spr.con.sup.PostProcessorRegistrationDelegate$BeanPostProcessorChecker::postProcessAfterInitialization] - Bean 'org.springframework.security.config.annotation.configuration.ObjectPostProcessorConfiguration' of type [org.springframework.security.config.annotation.configuration.ObjectPostProcessorConfiguration] is not eligible for getting processed by all BeanPostProcessors (for example: not eligible for auto-proxying)
[2020-06-22 13:02:50,373] [restartedMain] [INFO] [org.spr.con.sup.PostProcessorRegistrationDelegate$BeanPostProcessorChecker::postProcessAfterInitialization] - Bean 'objectPostProcessor' of type [org.springframework.security.config.annotation.configuration.AutowireBeanFactoryObjectPostProcessor] is not eligible for getting processed by all BeanPostProcessors (for example: not eligible for auto-proxying)
[2020-06-22 13:02:50,375] [restartedMain] [INFO] [org.spr.con.sup.PostProcessorRegistrationDelegate$BeanPostProcessorChecker::postProcessAfterInitialization] - Bean 'org.springframework.security.access.expression.method.DefaultMethodSecurityExpressionHandler@770a6aab' of type [org.springframework.security.access.expression.method.DefaultMethodSecurityExpressionHandler] is not eligible for getting processed by all BeanPostProcessors (for example: not eligible for auto-proxying)
[2020-06-22 13:02:50,379] [restartedMain] [INFO] [org.spr.con.sup.PostProcessorRegistrationDelegate$BeanPostProcessorChecker::postProcessAfterInitialization] - Bean 'org.springframework.security.config.annotation.method.configuration.GlobalMethodSecurityConfiguration' of type [org.springframework.security.config.annotation.method.configuration.GlobalMethodSecurityConfiguration] is not eligible for getting processed by all BeanPostProcessors (for example: not eligible for auto-proxying)
[2020-06-22 13:02:50,385] [restartedMain] [INFO] [org.spr.con.sup.PostProcessorRegistrationDelegate$BeanPostProcessorChecker::postProcessAfterInitialization] - Bean 'org.springframework.security.config.annotation.method.configuration.Jsr250MetadataSourceConfiguration' of type [org.springframework.security.config.annotation.method.configuration.Jsr250MetadataSourceConfiguration] is not eligible for getting processed by all BeanPostProcessors (for example: not eligible for auto-proxying)
[2020-06-22 13:02:50,386] [restartedMain] [INFO] [org.spr.con.sup.PostProcessorRegistrationDelegate$BeanPostProcessorChecker::postProcessAfterInitialization] - Bean 'jsr250MethodSecurityMetadataSource' of type [org.springframework.security.access.annotation.Jsr250MethodSecurityMetadataSource] is not eligible for getting processed by all BeanPostProcessors (for example: not eligible for auto-proxying)
[2020-06-22 13:02:50,387] [restartedMain] [INFO] [org.spr.con.sup.PostProcessorRegistrationDelegate$BeanPostProcessorChecker::postProcessAfterInitialization] - Bean 'methodSecurityMetadataSource' of type [org.springframework.security.access.method.DelegatingMethodSecurityMetadataSource] is not eligible for getting processed by all BeanPostProcessors (for example: not eligible for auto-proxying)
[2020-06-22 13:02:50,531] [restartedMain] [WARN] [org.apa.jul.log.DirectJDKLog::log] - The MBean registry cannot be disabled because it has already been initialised
[2020-06-22 13:02:50,557] [restartedMain] [INFO] [org.spr.boo.web.emb.tom.TomcatWebServer::initialize] - Tomcat initialized with port(s): 8080 (http)
[2020-06-22 13:02:50,559] [restartedMain] [INFO] [org.apa.jul.log.DirectJDKLog::log] - Initializing ProtocolHandler ["http-nio-8080"]
[2020-06-22 13:02:50,559] [restartedMain] [INFO] [org.apa.jul.log.DirectJDKLog::log] - Starting service [Tomcat]
[2020-06-22 13:02:50,560] [restartedMain] [INFO] [org.apa.jul.log.DirectJDKLog::log] - Starting Servlet engine: [Apache Tomcat/9.0.27]
[2020-06-22 13:02:50,580] [restartedMain] [INFO] [org.apa.jul.log.DirectJDKLog::log] - Initializing Spring embedded WebApplicationContext
[2020-06-22 13:02:50,580] [restartedMain] [INFO] [org.spr.boo.web.ser.con.ServletWebServerApplicationContext::prepareWebApplicationContext] - Root WebApplicationContext: initialization completed in 852 ms
[2020-06-22 13:02:50,883] [restartedMain] [WARN] [org.spr.boo.aut.orm.jpa.JpaBaseConfiguration$JpaWebConfiguration::openEntityManagerInViewInterceptor] - spring.jpa.open-in-view is enabled by default. Therefore, database queries may be performed during view rendering. Explicitly configure spring.jpa.open-in-view to disable this warning
[2020-06-22 13:02:50,905] [restartedMain] [INFO] [com.zax.hik.HikariDataSource::getConnection] - HikariPool-13 - Starting...
[2020-06-22 13:02:50,912] [restartedMain] [INFO] [com.zax.hik.HikariDataSource::getConnection] - HikariPool-13 - Start completed.
[2020-06-22 13:02:50,919] [restartedMain] [INFO] [org.hib.jpa.int.uti.LogHelper::logPersistenceUnitInformation] - HHH000204: Processing PersistenceUnitInfo [name: default]
[2020-06-22 13:02:50,930] [restartedMain] [INFO] [org.hib.dia.Dialect::<init>] - HHH000400: Using dialect: org.hibernate.dialect.PostgreSQLDialect
[2020-06-22 13:02:51,169] [restartedMain] [INFO] [org.hib.eng.tra.jta.pla.int.JtaPlatformInitiator::initiateService] - HHH000490: Using JtaPlatform implementation: [org.hibernate.engine.transaction.jta.platform.internal.NoJtaPlatform]
[2020-06-22 13:02:51,170] [restartedMain] [INFO] [org.spr.orm.jpa.AbstractEntityManagerFactoryBean::buildNativeEntityManagerFactory] - Initialized JPA EntityManagerFactory for persistence unit 'default'
[2020-06-22 13:02:51,444] [restartedMain] [DEBUG] [org.spr.web.fil.GenericFilterBean::init] - Filter 'tokenAuthenticationFilter' configured for use
[2020-06-22 13:02:51,795] [restartedMain] [INFO] [org.spr.boo.act.end.web.EndpointLinksResolver::<init>] - Exposing 7 endpoint(s) beneath base path '/actuator'
[2020-06-22 13:02:51,979] [restartedMain] [INFO] [spr.doc.spr.web.PropertySourcedRequestMappingHandlerMapping::initHandlerMethods] - Mapped URL path [/v2/api-docs] onto method [springfox.documentation.swagger2.web.Swagger2Controller#getDocumentation(String, HttpServletRequest)]
[2020-06-22 13:02:52,144] [restartedMain] [INFO] [org.spr.sec.web.DefaultSecurityFilterChain::<init>] - Creating filter chain: any request, [org.springframework.security.web.context.request.async.WebAsyncManagerIntegrationFilter@bbd214b, org.springframework.security.web.context.SecurityContextPersistenceFilter@42abe0b2, org.springframework.security.web.header.HeaderWriterFilter@5bbc96ce, org.springframework.web.filter.CorsFilter@5d6fd17a, org.springframework.security.web.authentication.logout.LogoutFilter@47ded6b3, org.springframework.security.oauth2.client.web.OAuth2AuthorizationRequestRedirectFilter@46d5e85f, org.springframework.security.oauth2.client.web.OAuth2LoginAuthenticationFilter@a86239c, com.example.springsocial.security.TokenAuthenticationFilter@2852e93e, org.springframework.security.web.savedrequest.RequestCacheAwareFilter@2faab0b5, org.springframework.security.web.servletapi.SecurityContextHolderAwareRequestFilter@109f5968, org.springframework.security.web.authentication.AnonymousAuthenticationFilter@34915d98, org.springframework.security.web.session.SessionManagementFilter@24fdc8a7, org.springframework.security.web.access.ExceptionTranslationFilter@354b14f6, org.springframework.security.web.access.intercept.FilterSecurityInterceptor@39eded33]
[2020-06-22 13:02:52,235] [restartedMain] [INFO] [org.spr.sch.con.ExecutorConfigurationSupport::initialize] - Initializing ExecutorService 'applicationTaskExecutor'
[2020-06-22 13:02:52,276] [restartedMain] [INFO] [org.spr.boo.dev.aut.OptionalLiveReloadServer::startServer] - LiveReload server is running on port 35729
[2020-06-22 13:02:52,484] [restartedMain] [INFO] [spr.doc.spr.web.plu.DocumentationPluginsBootstrapper::start] - Context refreshed
[2020-06-22 13:02:52,485] [restartedMain] [INFO] [spr.doc.spr.web.plu.DocumentationPluginsBootstrapper::start] - Found 1 custom documentation plugin(s)
[2020-06-22 13:02:52,492] [restartedMain] [INFO] [spr.doc.spr.web.sca.ApiListingReferenceScanner::scan] - Scanning for api listing references
[2020-06-22 13:02:52,540] [restartedMain] [INFO] [spr.doc.spr.web.rea.ope.CachingOperationNameGenerator::startingWith] - Generating unique operation named: handleUsingGET_1
[2020-06-22 13:02:52,541] [restartedMain] [INFO] [spr.doc.spr.web.rea.ope.CachingOperationNameGenerator::startingWith] - Generating unique operation named: handleUsingGET_2
[2020-06-22 13:02:52,541] [restartedMain] [INFO] [spr.doc.spr.web.rea.ope.CachingOperationNameGenerator::startingWith] - Generating unique operation named: handleUsingGET_3
[2020-06-22 13:02:52,542] [restartedMain] [INFO] [spr.doc.spr.web.rea.ope.CachingOperationNameGenerator::startingWith] - Generating unique operation named: handleUsingGET_4
[2020-06-22 13:02:52,543] [restartedMain] [INFO] [spr.doc.spr.web.rea.ope.CachingOperationNameGenerator::startingWith] - Generating unique operation named: handleUsingGET_5
[2020-06-22 13:02:52,544] [restartedMain] [INFO] [spr.doc.spr.web.rea.ope.CachingOperationNameGenerator::startingWith] - Generating unique operation named: handleUsingGET_6
[2020-06-22 13:02:52,544] [restartedMain] [INFO] [spr.doc.spr.web.rea.ope.CachingOperationNameGenerator::startingWith] - Generating unique operation named: handleUsingGET_7
[2020-06-22 13:02:52,545] [restartedMain] [INFO] [spr.doc.spr.web.rea.ope.CachingOperationNameGenerator::startingWith] - Generating unique operation named: handleUsingGET_8
[2020-06-22 13:02:52,546] [restartedMain] [INFO] [spr.doc.spr.web.rea.ope.CachingOperationNameGenerator::startingWith] - Generating unique operation named: handleUsingGET_9
[2020-06-22 13:02:52,547] [restartedMain] [INFO] [spr.doc.spr.web.rea.ope.CachingOperationNameGenerator::startingWith] - Generating unique operation named: handleUsingGET_10
[2020-06-22 13:02:52,567] [restartedMain] [INFO] [org.apa.jul.log.DirectJDKLog::log] - Starting ProtocolHandler ["http-nio-8080"]
[2020-06-22 13:02:52,570] [restartedMain] [INFO] [org.spr.boo.web.emb.tom.TomcatWebServer::start] - Tomcat started on port(s): 8080 (http) with context path ''
[2020-06-22 13:02:52,570] [restartedMain] [INFO] [org.spr.boo.StartupInfoLogger::logStarted] - Started SpringSocialApplication in 2.89 seconds (JVM running for 1526.365)
[2020-06-22 13:02:52,576] [restartedMain] [INFO] [org.spr.boo.dev.aut.ConditionEvaluationDeltaLoggingListener::onApplicationEvent] - Condition evaluation unchanged
[2020-06-22 13:03:02,319] [http-nio-8080-exec-1] [INFO] [org.apa.jul.log.DirectJDKLog::log] - Initializing Spring DispatcherServlet 'dispatcherServlet'
[2020-06-22 13:03:02,325] [http-nio-8080-exec-1] [INFO] [org.spr.web.ser.FrameworkServlet::initServletBean] - Initializing Servlet 'dispatcherServlet'
[2020-06-22 13:03:02,333] [http-nio-8080-exec-1] [INFO] [org.spr.web.ser.FrameworkServlet::initServletBean] - Completed initialization in 8 ms
